#
# There is insufficient memory for the Java Runtime Environment to continue.
# Native memory allocation (malloc) failed to allocate 1325616 bytes. Error detail: Chunk::new
# Possible reasons:
#   The system is out of physical RAM or swap space
#   This process is running with CompressedOops enabled, and the Java Heap may be blocking the growth of the native heap
# Possible solutions:
#   Reduce memory load on the system
#   Increase physical memory or swap space
#   Check if swap backing store is full
#   Decrease Java heap size (-Xmx/-Xms)
#   Decrease number of Java threads
#   Decrease Java thread stack sizes (-Xss)
#   Set larger code cache with -XX:ReservedCodeCacheSize=
#   JVM is running with Unscaled Compressed Oops mode in which the Java heap is
#     placed in the first 4GB address space. The Java Heap base address is the
#     maximum limit for the native heap growth. Please use -XX:HeapBaseMinAddress
#     to set the Java Heap base and to place the Java Heap above 4GB virtual address.
# This output file may be truncated or incomplete.
#
#  Out of Memory Error (arena.cpp:149), pid=880, tid=19084
#
# JRE version: Java(TM) SE Runtime Environment (23.0.1+11) (build 23.0.1+11-39)
# Java VM: Java HotSpot(TM) 64-Bit Server VM (23.0.1+11-39, mixed mode, sharing, tiered, compressed oops, compressed class ptrs, g1 gc, windows-amd64)
# No core dump will be written. Minidumps are not enabled by default on client versions of Windows
#

---------------  S U M M A R Y ------------

Command Line: -XX:+ShowCodeDetailsInExceptionMessages com.zosh.e_commerce.ECommerceApplication

Host: AMD Ryzen 5 3550H with Radeon Vega Mobile Gfx  , 8 cores, 5G,  Windows 11 , 64 bit Build 26100 (10.0.26100.2702)
Time: Tue Feb  4 09:55:16 2025 India Standard Time elapsed time: 1195.974464 seconds (0d 0h 19m 55s)

---------------  T H R E A D  ---------------

Current thread (0x000001bdf3f357c0):  JavaThread "C2 CompilerThread0" daemon [_thread_in_native, id=19084, stack(0x0000005c7cb00000,0x0000005c7cc00000) (1024K)]


Current CompileTask:
C2:1195975 15944   !   4       org.apache.catalina.core.ApplicationDispatcher::doForward (590 bytes)

Stack: [0x0000005c7cb00000,0x0000005c7cc00000]
Native frames: (J=compiled Java code, j=interpreted, Vv=VM code, C=native code)
V  [jvm.dll+0x6e08b9]  (no source info available)
V  [jvm.dll+0x87dc83]  (no source info available)
V  [jvm.dll+0x88010e]  (no source info available)
V  [jvm.dll+0x8807e3]  (no source info available)
V  [jvm.dll+0x27aee6]  (no source info available)
V  [jvm.dll+0xbc06f]  (no source info available)
V  [jvm.dll+0xbc2cb]  (no source info available)
V  [jvm.dll+0x3b3a62]  (no source info available)
V  [jvm.dll+0x38a42b]  (no source info available)
V  [jvm.dll+0x38989a]  (no source info available)
V  [jvm.dll+0x244aa1]  (no source info available)
V  [jvm.dll+0x243dff]  (no source info available)
V  [jvm.dll+0x1c33a0]  (no source info available)
V  [jvm.dll+0x253cf1]  (no source info available)
V  [jvm.dll+0x251faa]  (no source info available)
V  [jvm.dll+0x3ee036]  (no source info available)
V  [jvm.dll+0x824f8b]  (no source info available)
V  [jvm.dll+0x6df065]  (no source info available)
C  [ucrtbase.dll+0x14ea0]  (no source info available)
C  [KERNEL32.DLL+0x2e8d7]  (no source info available)
C  [ntdll.dll+0xdf36c]  (no source info available)

Lock stack of current Java thread (top to bottom):


---------------  P R O C E S S  ---------------

Threads class SMR info:
_java_thread_list=0x000001bdc8f1df80, length=30, elements={
0x000001bdf3ef8a50, 0x000001bdf3ef94b0, 0x000001bdf3eff350, 0x000001bdf3effdb0,
0x000001bdf3f01380, 0x000001bdf3f06a90, 0x000001bdf3f357c0, 0x000001bdc5018070,
0x000001bdc515e4c0, 0x000001bdc5166f00, 0x000001bdc843f1a0, 0x000001bdc8beeda0,
0x000001bdc8bef430, 0x000001bdc8bed9f0, 0x000001bdc8befac0, 0x000001bdcad8c4e0,
0x000001bdcad8be50, 0x000001bdcad8b130, 0x000001bdcad8aaa0, 0x000001bdcad89060,
0x000001bdcad8cb70, 0x000001bdcad8d200, 0x000001bdcad89d80, 0x000001bdcad8d890,
0x000001bdcad8a410, 0x000001bdcad90680, 0x000001bdcad8df20, 0x000001bdcad8fff0,
0x000001bdcad8e5b0, 0x000001bdcad8ec40
}

Java Threads: ( => current thread )
  0x000001bdf3ef8a50 JavaThread "Reference Handler"          daemon [_thread_blocked, id=9476, stack(0x0000005c7c500000,0x0000005c7c600000) (1024K)]
  0x000001bdf3ef94b0 JavaThread "Finalizer"                  daemon [_thread_blocked, id=2844, stack(0x0000005c7c600000,0x0000005c7c700000) (1024K)]
  0x000001bdf3eff350 JavaThread "Signal Dispatcher"          daemon [_thread_blocked, id=11808, stack(0x0000005c7c700000,0x0000005c7c800000) (1024K)]
  0x000001bdf3effdb0 JavaThread "Attach Listener"            daemon [_thread_blocked, id=3504, stack(0x0000005c7c800000,0x0000005c7c900000) (1024K)]
  0x000001bdf3f01380 JavaThread "Service Thread"             daemon [_thread_blocked, id=13748, stack(0x0000005c7c900000,0x0000005c7ca00000) (1024K)]
  0x000001bdf3f06a90 JavaThread "Monitor Deflation Thread"   daemon [_thread_blocked, id=8216, stack(0x0000005c7ca00000,0x0000005c7cb00000) (1024K)]
=>0x000001bdf3f357c0 JavaThread "C2 CompilerThread0"         daemon [_thread_in_native, id=19084, stack(0x0000005c7cb00000,0x0000005c7cc00000) (1024K)]
  0x000001bdc5018070 JavaThread "C1 CompilerThread0"         daemon [_thread_blocked, id=5760, stack(0x0000005c7cc00000,0x0000005c7cd00000) (1024K)]
  0x000001bdc515e4c0 JavaThread "Notification Thread"        daemon [_thread_blocked, id=16952, stack(0x0000005c7cd00000,0x0000005c7ce00000) (1024K)]
  0x000001bdc5166f00 JavaThread "Common-Cleaner"             daemon [_thread_blocked, id=2440, stack(0x0000005c7ce00000,0x0000005c7cf00000) (1024K)]
  0x000001bdc843f1a0 JavaThread "Catalina-utility-1"                [_thread_blocked, id=6988, stack(0x0000005c7d800000,0x0000005c7d900000) (1024K)]
  0x000001bdc8beeda0 JavaThread "Catalina-utility-2"                [_thread_blocked, id=13964, stack(0x0000005c7dc00000,0x0000005c7dd00000) (1024K)]
  0x000001bdc8bef430 JavaThread "container-0"                       [_thread_blocked, id=7988, stack(0x0000005c7dd00000,0x0000005c7de00000) (1024K)]
  0x000001bdc8bed9f0 JavaThread "mysql-cj-abandoned-connection-cleanup" daemon [_thread_blocked, id=17904, stack(0x0000005c7de00000,0x0000005c7df00000) (1024K)]
  0x000001bdc8befac0 JavaThread "HikariPool-1 housekeeper"   daemon [_thread_blocked, id=16576, stack(0x0000005c7df00000,0x0000005c7e000000) (1024K)]
  0x000001bdcad8c4e0 JavaThread "File Watcher"               daemon [_thread_blocked, id=11136, stack(0x0000005c7cf00000,0x0000005c7d000000) (1024K)]
  0x000001bdcad8be50 JavaThread "Live Reload Server"         daemon [_thread_in_native, id=3904, stack(0x0000005c7e300000,0x0000005c7e400000) (1024K)]
  0x000001bdcad8b130 JavaThread "http-nio-8080-exec-1"       daemon [_thread_blocked, id=19400, stack(0x0000005c7e200000,0x0000005c7e300000) (1024K)]
  0x000001bdcad8aaa0 JavaThread "http-nio-8080-exec-2"       daemon [_thread_blocked, id=6104, stack(0x0000005c7e400000,0x0000005c7e500000) (1024K)]
  0x000001bdcad89060 JavaThread "http-nio-8080-exec-3"       daemon [_thread_blocked, id=15888, stack(0x0000005c7e500000,0x0000005c7e600000) (1024K)]
  0x000001bdcad8cb70 JavaThread "http-nio-8080-exec-4"       daemon [_thread_blocked, id=3668, stack(0x0000005c7e600000,0x0000005c7e700000) (1024K)]
  0x000001bdcad8d200 JavaThread "http-nio-8080-exec-5"       daemon [_thread_blocked, id=6396, stack(0x0000005c7e700000,0x0000005c7e800000) (1024K)]
  0x000001bdcad89d80 JavaThread "http-nio-8080-exec-6"       daemon [_thread_blocked, id=10772, stack(0x0000005c7e800000,0x0000005c7e900000) (1024K)]
  0x000001bdcad8d890 JavaThread "http-nio-8080-exec-7"       daemon [_thread_blocked, id=18588, stack(0x0000005c7e900000,0x0000005c7ea00000) (1024K)]
  0x000001bdcad8a410 JavaThread "http-nio-8080-exec-8"       daemon [_thread_blocked, id=13384, stack(0x0000005c7ea00000,0x0000005c7eb00000) (1024K)]
  0x000001bdcad90680 JavaThread "http-nio-8080-exec-9"       daemon [_thread_blocked, id=14660, stack(0x0000005c7eb00000,0x0000005c7ec00000) (1024K)]
  0x000001bdcad8df20 JavaThread "http-nio-8080-exec-10"      daemon [_thread_blocked, id=17080, stack(0x0000005c7ec00000,0x0000005c7ed00000) (1024K)]
  0x000001bdcad8fff0 JavaThread "http-nio-8080-Poller"       daemon [_thread_in_native, id=19100, stack(0x0000005c7ed00000,0x0000005c7ee00000) (1024K)]
  0x000001bdcad8e5b0 JavaThread "http-nio-8080-Acceptor"     daemon [_thread_in_native, id=12488, stack(0x0000005c7ee00000,0x0000005c7ef00000) (1024K)]
  0x000001bdcad8ec40 JavaThread "DestroyJavaVM"                     [_thread_blocked, id=2820, stack(0x0000005c7bd00000,0x0000005c7be00000) (1024K)]
Total: 30

Other Threads:
  0x000001bdf3ee1b90 VMThread "VM Thread"                           [id=19184, stack(0x0000005c7c400000,0x0000005c7c500000) (1024K)]
  0x000001bdf3ecca30 WatcherThread "VM Periodic Task Thread"        [id=8832, stack(0x0000005c7c300000,0x0000005c7c400000) (1024K)]
  0x000001bdd7d0bd90 WorkerThread "GC Thread#0"                     [id=7172, stack(0x0000005c7be00000,0x0000005c7bf00000) (1024K)]
  0x000001bdc5f0e540 WorkerThread "GC Thread#1"                     [id=10512, stack(0x0000005c7d300000,0x0000005c7d400000) (1024K)]
  0x000001bdc5f0e8f0 WorkerThread "GC Thread#2"                     [id=3924, stack(0x0000005c7d400000,0x0000005c7d500000) (1024K)]
  0x000001bdc5f0fbe0 WorkerThread "GC Thread#3"                     [id=12220, stack(0x0000005c7d500000,0x0000005c7d600000) (1024K)]
  0x000001bdc5f0ff90 WorkerThread "GC Thread#4"                     [id=6424, stack(0x0000005c7d600000,0x0000005c7d700000) (1024K)]
  0x000001bdc5f10340 WorkerThread "GC Thread#5"                     [id=2272, stack(0x0000005c7d700000,0x0000005c7d800000) (1024K)]
  0x000001bdc623b800 WorkerThread "GC Thread#6"                     [id=17060, stack(0x0000005c7d900000,0x0000005c7da00000) (1024K)]
  0x000001bdc623bbb0 WorkerThread "GC Thread#7"                     [id=13688, stack(0x0000005c7da00000,0x0000005c7db00000) (1024K)]
  0x000001bdd7d1e5b0 ConcurrentGCThread "G1 Main Marker"            [id=18064, stack(0x0000005c7bf00000,0x0000005c7c000000) (1024K)]
  0x000001bdd7d1f8d0 WorkerThread "G1 Conc#0"                       [id=17500, stack(0x0000005c7c000000,0x0000005c7c100000) (1024K)]
  0x000001bdc623b0a0 WorkerThread "G1 Conc#1"                       [id=18424, stack(0x0000005c7db00000,0x0000005c7dc00000) (1024K)]
  0x000001bdf3d93220 ConcurrentGCThread "G1 Refine#0"               [id=5308, stack(0x0000005c7c100000,0x0000005c7c200000) (1024K)]
  0x000001bdf3d99d70 ConcurrentGCThread "G1 Service"                [id=18868, stack(0x0000005c7c200000,0x0000005c7c300000) (1024K)]
Total: 15

Threads with active compile tasks:
C2 CompilerThread0  1196080 15944   !   4       org.apache.catalina.core.ApplicationDispatcher::doForward (590 bytes)
Total: 1

VM state: not at safepoint (normal execution)

VM Mutex/Monitor currently owned by a thread: None

Heap address: 0x00000000a0e00000, size: 1522 MB, Compressed Oops mode: 32-bit

CDS archive(s) mapped at: [0x000001bd80000000-0x000001bd80d70000-0x000001bd80d70000), size 14090240, SharedBaseAddress: 0x000001bd80000000, ArchiveRelocationMode: 1.
Compressed class space mapped at: 0x000001bd81000000-0x000001bdc1000000, reserved size: 1073741824
Narrow klass base: 0x000001bd80000000, Narrow klass shift: 0, Narrow klass range: 0x41000000

GC Precious Log:
 CardTable entry size: 512
 Card Set container configuration: InlinePtr #cards 5 size 8 Array Of Cards #cards 10 size 36 Howl #buckets 4 coarsen threshold 1843 Howl Bitmap #cards 512 size 80 coarsen threshold 460 Card regions per heap region 1 cards per card region 2048
 CPUs: 8 total, 8 available
 Memory: 6081M
 Large Page Support: Disabled
 NUMA Support: Disabled
 Compressed Oops: Enabled (32-bit)
 Heap Region Size: 1M
 Heap Min Capacity: 8M
 Heap Initial Capacity: 96M
 Heap Max Capacity: 1522M
 Pre-touch: Disabled
 Parallel Workers: 8
 Concurrent Workers: 2
 Concurrent Refinement Workers: 8
 Periodic GC: Disabled

Heap:
 garbage-first heap   total reserved 1558528K, committed 160768K, used 57851K [0x00000000a0e00000, 0x0000000100000000)
  region size 1024K, 13 young (13312K), 1 survivors (1024K)
 Metaspace       used 90327K, committed 91200K, reserved 1179648K
  class space    used 12224K, committed 12608K, reserved 1048576K

Heap Regions: E=young(eden), S=young(survivor), O=old, HS=humongous(starts), HC=humongous(continues), CS=collection set, F=free, TAMS=top-at-mark-start, PB=parsable bottom
|   0|0x00000000a0e00000, 0x00000000a0f00000, 0x00000000a0f00000|100%|HS|  |TAMS 0x00000000a0e00000| PB 0x00000000a0e00000| Complete |  0
|   1|0x00000000a0f00000, 0x00000000a1000000, 0x00000000a1000000|100%|HS|  |TAMS 0x00000000a0f00000| PB 0x00000000a0f00000| Complete |  0
|   2|0x00000000a1000000, 0x00000000a1100000, 0x00000000a1100000|100%| O|  |TAMS 0x00000000a1000000| PB 0x00000000a1000000| Untracked |  0
|   3|0x00000000a1100000, 0x00000000a1200000, 0x00000000a1200000|100%| O|  |TAMS 0x00000000a1100000| PB 0x00000000a1100000| Untracked |  0
|   4|0x00000000a1200000, 0x00000000a1300000, 0x00000000a1300000|100%| O|  |TAMS 0x00000000a1200000| PB 0x00000000a1200000| Untracked |  0
|   5|0x00000000a1300000, 0x00000000a1400000, 0x00000000a1400000|100%| O|  |TAMS 0x00000000a1300000| PB 0x00000000a1300000| Untracked |  0
|   6|0x00000000a1400000, 0x00000000a1500000, 0x00000000a1500000|100%| O|  |TAMS 0x00000000a1400000| PB 0x00000000a1400000| Untracked |  0
|   7|0x00000000a1500000, 0x00000000a1600000, 0x00000000a1600000|100%| O|  |TAMS 0x00000000a1500000| PB 0x00000000a1500000| Untracked |  0
|   8|0x00000000a1600000, 0x00000000a1700000, 0x00000000a1700000|100%| O|  |TAMS 0x00000000a1600000| PB 0x00000000a1600000| Untracked |  0
|   9|0x00000000a1700000, 0x00000000a1800000, 0x00000000a1800000|100%| O|  |TAMS 0x00000000a1700000| PB 0x00000000a1700000| Untracked |  0
|  10|0x00000000a1800000, 0x00000000a1900000, 0x00000000a1900000|100%| O|  |TAMS 0x00000000a1800000| PB 0x00000000a1800000| Untracked |  0
|  11|0x00000000a1900000, 0x00000000a1a00000, 0x00000000a1a00000|100%| O|  |TAMS 0x00000000a1900000| PB 0x00000000a1900000| Untracked |  0
|  12|0x00000000a1a00000, 0x00000000a1b00000, 0x00000000a1b00000|100%| O|  |TAMS 0x00000000a1a00000| PB 0x00000000a1a00000| Untracked |  0
|  13|0x00000000a1b00000, 0x00000000a1c00000, 0x00000000a1c00000|100%| O|  |TAMS 0x00000000a1b00000| PB 0x00000000a1b00000| Untracked |  0
|  14|0x00000000a1c00000, 0x00000000a1d00000, 0x00000000a1d00000|100%| O|  |TAMS 0x00000000a1c00000| PB 0x00000000a1c00000| Untracked |  0
|  15|0x00000000a1d00000, 0x00000000a1e00000, 0x00000000a1e00000|100%| O|  |TAMS 0x00000000a1d00000| PB 0x00000000a1d00000| Untracked |  0
|  16|0x00000000a1e00000, 0x00000000a1f00000, 0x00000000a1f00000|100%| O|  |TAMS 0x00000000a1e00000| PB 0x00000000a1e00000| Untracked |  0
|  17|0x00000000a1f00000, 0x00000000a2000000, 0x00000000a2000000|100%| O|  |TAMS 0x00000000a1f00000| PB 0x00000000a1f00000| Untracked |  0
|  18|0x00000000a2000000, 0x00000000a2100000, 0x00000000a2100000|100%| O|  |TAMS 0x00000000a2000000| PB 0x00000000a2000000| Untracked |  0
|  19|0x00000000a2100000, 0x00000000a2200000, 0x00000000a2200000|100%| O|  |TAMS 0x00000000a2100000| PB 0x00000000a2100000| Untracked |  0
|  20|0x00000000a2200000, 0x00000000a2300000, 0x00000000a2300000|100%| O|  |TAMS 0x00000000a2200000| PB 0x00000000a2200000| Untracked |  0
|  21|0x00000000a2300000, 0x00000000a2400000, 0x00000000a2400000|100%| O|  |TAMS 0x00000000a2300000| PB 0x00000000a2300000| Untracked |  0
|  22|0x00000000a2400000, 0x00000000a2500000, 0x00000000a2500000|100%| O|  |TAMS 0x00000000a2400000| PB 0x00000000a2400000| Untracked |  0
|  23|0x00000000a2500000, 0x00000000a2600000, 0x00000000a2600000|100%| O|  |TAMS 0x00000000a2500000| PB 0x00000000a2500000| Untracked |  0
|  24|0x00000000a2600000, 0x00000000a2700000, 0x00000000a2700000|100%| O|  |TAMS 0x00000000a2600000| PB 0x00000000a2600000| Untracked |  0
|  25|0x00000000a2700000, 0x00000000a2800000, 0x00000000a2800000|100%| O|  |TAMS 0x00000000a2700000| PB 0x00000000a2700000| Untracked |  0
|  26|0x00000000a2800000, 0x00000000a2900000, 0x00000000a2900000|100%| O|Cm|TAMS 0x00000000a2800000| PB 0x00000000a2800000| Complete |  0
|  27|0x00000000a2900000, 0x00000000a2a00000, 0x00000000a2a00000|100%| O|  |TAMS 0x00000000a2900000| PB 0x00000000a2900000| Untracked |  0
|  28|0x00000000a2a00000, 0x00000000a2b00000, 0x00000000a2b00000|100%| O|  |TAMS 0x00000000a2a00000| PB 0x00000000a2a00000| Untracked |  0
|  29|0x00000000a2b00000, 0x00000000a2c00000, 0x00000000a2c00000|100%| O|  |TAMS 0x00000000a2b00000| PB 0x00000000a2b00000| Untracked |  0
|  30|0x00000000a2c00000, 0x00000000a2d00000, 0x00000000a2d00000|100%| O|  |TAMS 0x00000000a2c00000| PB 0x00000000a2c00000| Untracked |  0
|  31|0x00000000a2d00000, 0x00000000a2e00000, 0x00000000a2e00000|100%| O|  |TAMS 0x00000000a2d00000| PB 0x00000000a2d00000| Untracked |  0
|  32|0x00000000a2e00000, 0x00000000a2f00000, 0x00000000a2f00000|100%| O|  |TAMS 0x00000000a2e00000| PB 0x00000000a2e00000| Untracked |  0
|  33|0x00000000a2f00000, 0x00000000a2f00000, 0x00000000a3000000|  0%| F|  |TAMS 0x00000000a2f00000| PB 0x00000000a2f00000| Untracked |  0
|  34|0x00000000a3000000, 0x00000000a3100000, 0x00000000a3100000|100%| O|Cm|TAMS 0x00000000a3000000| PB 0x00000000a3000000| Complete |  0
|  35|0x00000000a3100000, 0x00000000a3200000, 0x00000000a3200000|100%| O|  |TAMS 0x00000000a3100000| PB 0x00000000a3100000| Untracked |  0
|  36|0x00000000a3200000, 0x00000000a3300000, 0x00000000a3300000|100%| O|  |TAMS 0x00000000a3200000| PB 0x00000000a3200000| Untracked |  0
|  37|0x00000000a3300000, 0x00000000a3400000, 0x00000000a3400000|100%| O|  |TAMS 0x00000000a3300000| PB 0x00000000a3300000| Untracked |  0
|  38|0x00000000a3400000, 0x00000000a3500000, 0x00000000a3500000|100%| O|  |TAMS 0x00000000a3400000| PB 0x00000000a3400000| Untracked |  0
|  39|0x00000000a3500000, 0x00000000a3500000, 0x00000000a3600000|  0%| F|  |TAMS 0x00000000a3500000| PB 0x00000000a3500000| Untracked |  0
|  40|0x00000000a3600000, 0x00000000a3700000, 0x00000000a3700000|100%| O|  |TAMS 0x00000000a3600000| PB 0x00000000a3600000| Untracked |  0
|  41|0x00000000a3700000, 0x00000000a3800000, 0x00000000a3800000|100%| O|  |TAMS 0x00000000a3700000| PB 0x00000000a3700000| Untracked |  0
|  42|0x00000000a3800000, 0x00000000a3900000, 0x00000000a3900000|100%| O|  |TAMS 0x00000000a3800000| PB 0x00000000a3800000| Untracked |  0
|  43|0x00000000a3900000, 0x00000000a39abea0, 0x00000000a3a00000| 67%| O|  |TAMS 0x00000000a3900000| PB 0x00000000a3900000| Untracked |  0
|  44|0x00000000a3a00000, 0x00000000a3b00000, 0x00000000a3b00000|100%| O|  |TAMS 0x00000000a3a00000| PB 0x00000000a3a00000| Untracked |  0
|  45|0x00000000a3b00000, 0x00000000a3b95c10, 0x00000000a3c00000| 58%| O|  |TAMS 0x00000000a3b00000| PB 0x00000000a3b00000| Untracked |  0
|  46|0x00000000a3c00000, 0x00000000a3c00000, 0x00000000a3d00000|  0%| F|  |TAMS 0x00000000a3c00000| PB 0x00000000a3c00000| Untracked |  0
|  47|0x00000000a3d00000, 0x00000000a3e00000, 0x00000000a3e00000|100%| O|  |TAMS 0x00000000a3d00000| PB 0x00000000a3d00000| Untracked |  0
|  48|0x00000000a3e00000, 0x00000000a3e00000, 0x00000000a3f00000|  0%| F|  |TAMS 0x00000000a3e00000| PB 0x00000000a3e00000| Untracked |  0
|  49|0x00000000a3f00000, 0x00000000a3f00000, 0x00000000a4000000|  0%| F|  |TAMS 0x00000000a3f00000| PB 0x00000000a3f00000| Untracked |  0
|  50|0x00000000a4000000, 0x00000000a4000000, 0x00000000a4100000|  0%| F|  |TAMS 0x00000000a4000000| PB 0x00000000a4000000| Untracked |  0
|  51|0x00000000a4100000, 0x00000000a4100000, 0x00000000a4200000|  0%| F|  |TAMS 0x00000000a4100000| PB 0x00000000a4100000| Untracked |  0
|  52|0x00000000a4200000, 0x00000000a4200000, 0x00000000a4300000|  0%| F|  |TAMS 0x00000000a4200000| PB 0x00000000a4200000| Untracked |  0
|  53|0x00000000a4300000, 0x00000000a4300000, 0x00000000a4400000|  0%| F|  |TAMS 0x00000000a4300000| PB 0x00000000a4300000| Untracked |  0
|  54|0x00000000a4400000, 0x00000000a4400000, 0x00000000a4500000|  0%| F|  |TAMS 0x00000000a4400000| PB 0x00000000a4400000| Untracked |  0
|  55|0x00000000a4500000, 0x00000000a4500000, 0x00000000a4600000|  0%| F|  |TAMS 0x00000000a4500000| PB 0x00000000a4500000| Untracked |  0
|  56|0x00000000a4600000, 0x00000000a4600000, 0x00000000a4700000|  0%| F|  |TAMS 0x00000000a4600000| PB 0x00000000a4600000| Untracked |  0
|  57|0x00000000a4700000, 0x00000000a4700000, 0x00000000a4800000|  0%| F|  |TAMS 0x00000000a4700000| PB 0x00000000a4700000| Untracked |  0
|  58|0x00000000a4800000, 0x00000000a4800000, 0x00000000a4900000|  0%| F|  |TAMS 0x00000000a4800000| PB 0x00000000a4800000| Untracked |  0
|  59|0x00000000a4900000, 0x00000000a4900000, 0x00000000a4a00000|  0%| F|  |TAMS 0x00000000a4900000| PB 0x00000000a4900000| Untracked |  0
|  60|0x00000000a4a00000, 0x00000000a4a00000, 0x00000000a4b00000|  0%| F|  |TAMS 0x00000000a4a00000| PB 0x00000000a4a00000| Untracked |  0
|  61|0x00000000a4b00000, 0x00000000a4b00000, 0x00000000a4c00000|  0%| F|  |TAMS 0x00000000a4b00000| PB 0x00000000a4b00000| Untracked |  0
|  62|0x00000000a4c00000, 0x00000000a4c00000, 0x00000000a4d00000|  0%| F|  |TAMS 0x00000000a4c00000| PB 0x00000000a4c00000| Untracked |  0
|  63|0x00000000a4d00000, 0x00000000a4d00000, 0x00000000a4e00000|  0%| F|  |TAMS 0x00000000a4d00000| PB 0x00000000a4d00000| Untracked |  0
|  64|0x00000000a4e00000, 0x00000000a4e3d470, 0x00000000a4f00000| 23%| S|CS|TAMS 0x00000000a4e00000| PB 0x00000000a4e00000| Complete |  0
|  65|0x00000000a4f00000, 0x00000000a4f00000, 0x00000000a5000000|  0%| F|  |TAMS 0x00000000a4f00000| PB 0x00000000a4f00000| Untracked |  0
|  66|0x00000000a5000000, 0x00000000a5000000, 0x00000000a5100000|  0%| F|  |TAMS 0x00000000a5000000| PB 0x00000000a5000000| Untracked |  0
|  67|0x00000000a5100000, 0x00000000a5100000, 0x00000000a5200000|  0%| F|  |TAMS 0x00000000a5100000| PB 0x00000000a5100000| Untracked |  0
|  68|0x00000000a5200000, 0x00000000a5300000, 0x00000000a5300000|100%| O|Cm|TAMS 0x00000000a5200000| PB 0x00000000a5200000| Complete |  0
|  69|0x00000000a5300000, 0x00000000a5300000, 0x00000000a5400000|  0%| F|  |TAMS 0x00000000a5300000| PB 0x00000000a5300000| Untracked |  0
|  70|0x00000000a5400000, 0x00000000a5400000, 0x00000000a5500000|  0%| F|  |TAMS 0x00000000a5400000| PB 0x00000000a5400000| Untracked |  0
|  71|0x00000000a5500000, 0x00000000a5500000, 0x00000000a5600000|  0%| F|  |TAMS 0x00000000a5500000| PB 0x00000000a5500000| Untracked |  0
|  72|0x00000000a5600000, 0x00000000a5600000, 0x00000000a5700000|  0%| F|  |TAMS 0x00000000a5600000| PB 0x00000000a5600000| Untracked |  0
|  73|0x00000000a5700000, 0x00000000a5700000, 0x00000000a5800000|  0%| F|  |TAMS 0x00000000a5700000| PB 0x00000000a5700000| Untracked |  0
|  74|0x00000000a5800000, 0x00000000a5800000, 0x00000000a5900000|  0%| F|  |TAMS 0x00000000a5800000| PB 0x00000000a5800000| Untracked |  0
|  75|0x00000000a5900000, 0x00000000a5900000, 0x00000000a5a00000|  0%| F|  |TAMS 0x00000000a5900000| PB 0x00000000a5900000| Untracked |  0
|  76|0x00000000a5a00000, 0x00000000a5a00000, 0x00000000a5b00000|  0%| F|  |TAMS 0x00000000a5a00000| PB 0x00000000a5a00000| Untracked |  0
|  77|0x00000000a5b00000, 0x00000000a5b00000, 0x00000000a5c00000|  0%| F|  |TAMS 0x00000000a5b00000| PB 0x00000000a5b00000| Untracked |  0
|  78|0x00000000a5c00000, 0x00000000a5c00000, 0x00000000a5d00000|  0%| F|  |TAMS 0x00000000a5c00000| PB 0x00000000a5c00000| Untracked |  0
|  79|0x00000000a5d00000, 0x00000000a5d00000, 0x00000000a5e00000|  0%| F|  |TAMS 0x00000000a5d00000| PB 0x00000000a5d00000| Untracked |  0
|  80|0x00000000a5e00000, 0x00000000a5e00000, 0x00000000a5f00000|  0%| F|  |TAMS 0x00000000a5e00000| PB 0x00000000a5e00000| Untracked |  0
|  81|0x00000000a5f00000, 0x00000000a5f00000, 0x00000000a6000000|  0%| F|  |TAMS 0x00000000a5f00000| PB 0x00000000a5f00000| Untracked |  0
|  82|0x00000000a6000000, 0x00000000a6000000, 0x00000000a6100000|  0%| F|  |TAMS 0x00000000a6000000| PB 0x00000000a6000000| Untracked |  0
|  83|0x00000000a6100000, 0x00000000a6100000, 0x00000000a6200000|  0%| F|  |TAMS 0x00000000a6100000| PB 0x00000000a6100000| Untracked |  0
|  84|0x00000000a6200000, 0x00000000a6200000, 0x00000000a6300000|  0%| F|  |TAMS 0x00000000a6200000| PB 0x00000000a6200000| Untracked |  0
|  85|0x00000000a6300000, 0x00000000a6300000, 0x00000000a6400000|  0%| F|  |TAMS 0x00000000a6300000| PB 0x00000000a6300000| Untracked |  0
|  86|0x00000000a6400000, 0x00000000a6400000, 0x00000000a6500000|  0%| F|  |TAMS 0x00000000a6400000| PB 0x00000000a6400000| Untracked |  0
|  87|0x00000000a6500000, 0x00000000a6500000, 0x00000000a6600000|  0%| F|  |TAMS 0x00000000a6500000| PB 0x00000000a6500000| Untracked |  0
|  88|0x00000000a6600000, 0x00000000a6600000, 0x00000000a6700000|  0%| F|  |TAMS 0x00000000a6600000| PB 0x00000000a6600000| Untracked |  0
|  89|0x00000000a6700000, 0x00000000a6700000, 0x00000000a6800000|  0%| F|  |TAMS 0x00000000a6700000| PB 0x00000000a6700000| Untracked |  0
|  90|0x00000000a6800000, 0x00000000a6800000, 0x00000000a6900000|  0%| F|  |TAMS 0x00000000a6800000| PB 0x00000000a6800000| Untracked |  0
|  91|0x00000000a6900000, 0x00000000a6900000, 0x00000000a6a00000|  0%| F|  |TAMS 0x00000000a6900000| PB 0x00000000a6900000| Untracked |  0
|  92|0x00000000a6a00000, 0x00000000a6a00000, 0x00000000a6b00000|  0%| F|  |TAMS 0x00000000a6a00000| PB 0x00000000a6a00000| Untracked |  0
|  93|0x00000000a6b00000, 0x00000000a6b00000, 0x00000000a6c00000|  0%| F|  |TAMS 0x00000000a6b00000| PB 0x00000000a6b00000| Untracked |  0
|  94|0x00000000a6c00000, 0x00000000a6c00000, 0x00000000a6d00000|  0%| F|  |TAMS 0x00000000a6c00000| PB 0x00000000a6c00000| Untracked |  0
|  95|0x00000000a6d00000, 0x00000000a6d00000, 0x00000000a6e00000|  0%| F|  |TAMS 0x00000000a6d00000| PB 0x00000000a6d00000| Untracked |  0
|  96|0x00000000a6e00000, 0x00000000a6e00000, 0x00000000a6f00000|  0%| F|  |TAMS 0x00000000a6e00000| PB 0x00000000a6e00000| Untracked |  0
|  97|0x00000000a6f00000, 0x00000000a6f00000, 0x00000000a7000000|  0%| F|  |TAMS 0x00000000a6f00000| PB 0x00000000a6f00000| Untracked |  0
|  98|0x00000000a7000000, 0x00000000a7000000, 0x00000000a7100000|  0%| F|  |TAMS 0x00000000a7000000| PB 0x00000000a7000000| Untracked |  0
|  99|0x00000000a7100000, 0x00000000a7100000, 0x00000000a7200000|  0%| F|  |TAMS 0x00000000a7100000| PB 0x00000000a7100000| Untracked |  0
| 100|0x00000000a7200000, 0x00000000a7200000, 0x00000000a7300000|  0%| F|  |TAMS 0x00000000a7200000| PB 0x00000000a7200000| Untracked |  0
| 101|0x00000000a7300000, 0x00000000a7300000, 0x00000000a7400000|  0%| F|  |TAMS 0x00000000a7300000| PB 0x00000000a7300000| Untracked |  0
| 102|0x00000000a7400000, 0x00000000a7400000, 0x00000000a7500000|  0%| F|  |TAMS 0x00000000a7400000| PB 0x00000000a7400000| Untracked |  0
| 103|0x00000000a7500000, 0x00000000a7500000, 0x00000000a7600000|  0%| F|  |TAMS 0x00000000a7500000| PB 0x00000000a7500000| Untracked |  0
| 104|0x00000000a7600000, 0x00000000a7600000, 0x00000000a7700000|  0%| F|  |TAMS 0x00000000a7600000| PB 0x00000000a7600000| Untracked |  0
| 105|0x00000000a7700000, 0x00000000a7700000, 0x00000000a7800000|  0%| F|  |TAMS 0x00000000a7700000| PB 0x00000000a7700000| Untracked |  0
| 106|0x00000000a7800000, 0x00000000a7800000, 0x00000000a7900000|  0%| F|  |TAMS 0x00000000a7800000| PB 0x00000000a7800000| Untracked |  0
| 107|0x00000000a7900000, 0x00000000a7900000, 0x00000000a7a00000|  0%| F|  |TAMS 0x00000000a7900000| PB 0x00000000a7900000| Untracked |  0
| 108|0x00000000a7a00000, 0x00000000a7a00000, 0x00000000a7b00000|  0%| F|  |TAMS 0x00000000a7a00000| PB 0x00000000a7a00000| Untracked |  0
| 109|0x00000000a7b00000, 0x00000000a7b00000, 0x00000000a7c00000|  0%| F|  |TAMS 0x00000000a7b00000| PB 0x00000000a7b00000| Untracked |  0
| 110|0x00000000a7c00000, 0x00000000a7c00000, 0x00000000a7d00000|  0%| F|  |TAMS 0x00000000a7c00000| PB 0x00000000a7c00000| Untracked |  0
| 111|0x00000000a7d00000, 0x00000000a7d00000, 0x00000000a7e00000|  0%| F|  |TAMS 0x00000000a7d00000| PB 0x00000000a7d00000| Untracked |  0
| 112|0x00000000a7e00000, 0x00000000a7e00000, 0x00000000a7f00000|  0%| F|  |TAMS 0x00000000a7e00000| PB 0x00000000a7e00000| Untracked |  0
| 113|0x00000000a7f00000, 0x00000000a7f00000, 0x00000000a8000000|  0%| F|  |TAMS 0x00000000a7f00000| PB 0x00000000a7f00000| Untracked |  0
| 114|0x00000000a8000000, 0x00000000a8000000, 0x00000000a8100000|  0%| F|  |TAMS 0x00000000a8000000| PB 0x00000000a8000000| Untracked |  0
| 115|0x00000000a8100000, 0x00000000a8100000, 0x00000000a8200000|  0%| F|  |TAMS 0x00000000a8100000| PB 0x00000000a8100000| Untracked |  0
| 116|0x00000000a8200000, 0x00000000a8200000, 0x00000000a8300000|  0%| F|  |TAMS 0x00000000a8200000| PB 0x00000000a8200000| Untracked |  0
| 117|0x00000000a8300000, 0x00000000a8300000, 0x00000000a8400000|  0%| F|  |TAMS 0x00000000a8300000| PB 0x00000000a8300000| Untracked |  0
| 118|0x00000000a8400000, 0x00000000a8400000, 0x00000000a8500000|  0%| F|  |TAMS 0x00000000a8400000| PB 0x00000000a8400000| Untracked |  0
| 119|0x00000000a8500000, 0x00000000a8500000, 0x00000000a8600000|  0%| F|  |TAMS 0x00000000a8500000| PB 0x00000000a8500000| Untracked |  0
| 120|0x00000000a8600000, 0x00000000a8600000, 0x00000000a8700000|  0%| F|  |TAMS 0x00000000a8600000| PB 0x00000000a8600000| Untracked |  0
| 121|0x00000000a8700000, 0x00000000a8700000, 0x00000000a8800000|  0%| F|  |TAMS 0x00000000a8700000| PB 0x00000000a8700000| Untracked |  0
| 122|0x00000000a8800000, 0x00000000a8800000, 0x00000000a8900000|  0%| F|  |TAMS 0x00000000a8800000| PB 0x00000000a8800000| Untracked |  0
| 123|0x00000000a8900000, 0x00000000a8900000, 0x00000000a8a00000|  0%| F|  |TAMS 0x00000000a8900000| PB 0x00000000a8900000| Untracked |  0
| 124|0x00000000a8a00000, 0x00000000a8a00000, 0x00000000a8b00000|  0%| F|  |TAMS 0x00000000a8a00000| PB 0x00000000a8a00000| Untracked |  0
| 125|0x00000000a8b00000, 0x00000000a8b00000, 0x00000000a8c00000|  0%| F|  |TAMS 0x00000000a8b00000| PB 0x00000000a8b00000| Untracked |  0
| 126|0x00000000a8c00000, 0x00000000a8c00000, 0x00000000a8d00000|  0%| F|  |TAMS 0x00000000a8c00000| PB 0x00000000a8c00000| Untracked |  0
| 127|0x00000000a8d00000, 0x00000000a8d00000, 0x00000000a8e00000|  0%| F|  |TAMS 0x00000000a8d00000| PB 0x00000000a8d00000| Untracked |  0
| 128|0x00000000a8e00000, 0x00000000a8e00000, 0x00000000a8f00000|  0%| F|  |TAMS 0x00000000a8e00000| PB 0x00000000a8e00000| Untracked |  0
| 129|0x00000000a8f00000, 0x00000000a8f00000, 0x00000000a9000000|  0%| F|  |TAMS 0x00000000a8f00000| PB 0x00000000a8f00000| Untracked |  0
| 130|0x00000000a9000000, 0x00000000a9000000, 0x00000000a9100000|  0%| F|  |TAMS 0x00000000a9000000| PB 0x00000000a9000000| Untracked |  0
| 131|0x00000000a9100000, 0x00000000a9100000, 0x00000000a9200000|  0%| F|  |TAMS 0x00000000a9100000| PB 0x00000000a9100000| Untracked |  0
| 132|0x00000000a9200000, 0x00000000a9200000, 0x00000000a9300000|  0%| F|  |TAMS 0x00000000a9200000| PB 0x00000000a9200000| Untracked |  0
| 133|0x00000000a9300000, 0x00000000a9300000, 0x00000000a9400000|  0%| F|  |TAMS 0x00000000a9300000| PB 0x00000000a9300000| Untracked |  0
| 134|0x00000000a9400000, 0x00000000a9400000, 0x00000000a9500000|  0%| F|  |TAMS 0x00000000a9400000| PB 0x00000000a9400000| Untracked |  0
| 135|0x00000000a9500000, 0x00000000a9500000, 0x00000000a9600000|  0%| F|  |TAMS 0x00000000a9500000| PB 0x00000000a9500000| Untracked |  0
| 136|0x00000000a9600000, 0x00000000a9600000, 0x00000000a9700000|  0%| F|  |TAMS 0x00000000a9600000| PB 0x00000000a9600000| Untracked |  0
| 137|0x00000000a9700000, 0x00000000a9700000, 0x00000000a9800000|  0%| F|  |TAMS 0x00000000a9700000| PB 0x00000000a9700000| Untracked |  0
| 138|0x00000000a9800000, 0x00000000a9800000, 0x00000000a9900000|  0%| F|  |TAMS 0x00000000a9800000| PB 0x00000000a9800000| Untracked |  0
| 139|0x00000000a9900000, 0x00000000a9900000, 0x00000000a9a00000|  0%| F|  |TAMS 0x00000000a9900000| PB 0x00000000a9900000| Untracked |  0
| 140|0x00000000a9a00000, 0x00000000a9a00000, 0x00000000a9b00000|  0%| F|  |TAMS 0x00000000a9a00000| PB 0x00000000a9a00000| Untracked |  0
| 141|0x00000000a9b00000, 0x00000000a9b00000, 0x00000000a9c00000|  0%| F|  |TAMS 0x00000000a9b00000| PB 0x00000000a9b00000| Untracked |  0
| 142|0x00000000a9c00000, 0x00000000a9c00000, 0x00000000a9d00000|  0%| F|  |TAMS 0x00000000a9c00000| PB 0x00000000a9c00000| Untracked |  0
| 143|0x00000000a9d00000, 0x00000000a9d00000, 0x00000000a9e00000|  0%| F|  |TAMS 0x00000000a9d00000| PB 0x00000000a9d00000| Untracked |  0
| 144|0x00000000a9e00000, 0x00000000a9e00000, 0x00000000a9f00000|  0%| F|  |TAMS 0x00000000a9e00000| PB 0x00000000a9e00000| Untracked |  0
| 145|0x00000000a9f00000, 0x00000000a9ff4818, 0x00000000aa000000| 95%| E|  |TAMS 0x00000000a9f00000| PB 0x00000000a9f00000| Complete |  0
| 146|0x00000000aa000000, 0x00000000aa100000, 0x00000000aa100000|100%| E|CS|TAMS 0x00000000aa000000| PB 0x00000000aa000000| Complete |  0
| 147|0x00000000aa100000, 0x00000000aa200000, 0x00000000aa200000|100%| E|CS|TAMS 0x00000000aa100000| PB 0x00000000aa100000| Complete |  0
| 148|0x00000000aa200000, 0x00000000aa300000, 0x00000000aa300000|100%| E|CS|TAMS 0x00000000aa200000| PB 0x00000000aa200000| Complete |  1
| 149|0x00000000aa300000, 0x00000000aa400000, 0x00000000aa400000|100%| E|CS|TAMS 0x00000000aa300000| PB 0x00000000aa300000| Complete |  1
| 150|0x00000000aa400000, 0x00000000aa500000, 0x00000000aa500000|100%| E|CS|TAMS 0x00000000aa400000| PB 0x00000000aa400000| Complete |  0
| 151|0x00000000aa500000, 0x00000000aa600000, 0x00000000aa600000|100%| E|CS|TAMS 0x00000000aa500000| PB 0x00000000aa500000| Complete |  1
| 152|0x00000000aa600000, 0x00000000aa700000, 0x00000000aa700000|100%| E|CS|TAMS 0x00000000aa600000| PB 0x00000000aa600000| Complete |  0
| 186|0x00000000ac800000, 0x00000000ac900000, 0x00000000ac900000|100%| E|CS|TAMS 0x00000000ac800000| PB 0x00000000ac800000| Complete |  0
| 363|0x00000000b7900000, 0x00000000b7a00000, 0x00000000b7a00000|100%| E|CS|TAMS 0x00000000b7900000| PB 0x00000000b7900000| Complete |  0
| 364|0x00000000b7a00000, 0x00000000b7b00000, 0x00000000b7b00000|100%| E|CS|TAMS 0x00000000b7a00000| PB 0x00000000b7a00000| Complete |  0
| 365|0x00000000b7b00000, 0x00000000b7c00000, 0x00000000b7c00000|100%| E|CS|TAMS 0x00000000b7b00000| PB 0x00000000b7b00000| Complete |  0

Card table byte_map: [0x000001bdef9f0000,0x000001bdefcf0000] _byte_map_base: 0x000001bdef4e9000

Marking Bits: (CMBitMap*) 0x000001bdd7d0c4a0
 Bits: [0x000001bdefcf0000, 0x000001bdf14b8000)

Polling page: 0x000001bdd5a80000

Metaspace:

Usage:
  Non-class:     76.27 MB used.
      Class:     11.94 MB used.
       Both:     88.21 MB used.

Virtual space:
  Non-class space:      128.00 MB reserved,      76.75 MB ( 60%) committed,  2 nodes.
      Class space:        1.00 GB reserved,      12.31 MB (  1%) committed,  1 nodes.
             Both:        1.12 GB reserved,      89.06 MB (  8%) committed. 

Chunk freelists:
   Non-Class:  2.83 MB
       Class:  3.64 MB
        Both:  6.47 MB

MaxMetaspaceSize: unlimited
CompressedClassSpaceSize: 1.00 GB
Initial GC threshold: 21.00 MB
Current GC threshold: 148.44 MB
CDS: on
 - commit_granule_bytes: 65536.
 - commit_granule_words: 8192.
 - virtual_space_node_default_size: 8388608.
 - enlarge_chunks_in_place: 1.
 - use_allocation_guard: 0.


Internal statistics:

num_allocs_failed_limit: 6.
num_arena_births: 1382.
num_arena_deaths: 0.
num_vsnodes_births: 3.
num_vsnodes_deaths: 0.
num_space_committed: 1425.
num_space_uncommitted: 0.
num_chunks_returned_to_freelist: 6.
num_chunks_taken_from_freelist: 4708.
num_chunk_merges: 3.
num_chunk_splits: 3312.
num_chunks_enlarged: 2502.
num_inconsistent_stats: 0.

CodeHeap 'non-profiled nmethods': size=120064Kb used=4539Kb max_used=9345Kb free=115524Kb
 bounds [0x000001bde7e80000, 0x000001bde87b0000, 0x000001bdef3c0000]
CodeHeap 'profiled nmethods': size=120000Kb used=2096Kb max_used=22344Kb free=117903Kb
 bounds [0x000001bde03c0000, 0x000001bde19a0000, 0x000001bde78f0000]
CodeHeap 'non-nmethods': size=5696Kb used=1779Kb max_used=1854Kb free=3916Kb
 bounds [0x000001bde78f0000, 0x000001bde7b60000, 0x000001bde7e80000]
CodeCache: size=245760Kb, used=8414Kb, max_used=33543Kb, free=237343Kb
 total_blobs=3045, nmethods=2239, adapters=710, full_count=0
Compilation: enabled, stopped_count=0, restarted_count=0

Compilation events (20 events):
Event: 1194.314 Thread 0x000001bdf3f357c0 nmethod 15932 0x000001bde8183c08 code [0x000001bde8184280, 0x000001bde81892e0]
Event: 1194.314 Thread 0x000001bdf3f357c0 15935       4       org.springframework.web.servlet.mvc.method.annotation.HttpEntityMethodProcessor::handleReturnValue (448 bytes)
Event: 1194.389 Thread 0x000001bdf3f357c0 nmethod 15935 0x000001bde8113e08 code [0x000001bde81141a0, 0x000001bde8115f38]
Event: 1194.389 Thread 0x000001bdf3f357c0 15937       4       org.apache.catalina.connector.RequestFacade::getServletContext (12 bytes)
Event: 1194.393 Thread 0x000001bdf3f357c0 nmethod 15937 0x000001bde7f52a88 code [0x000001bde7f52ba0, 0x000001bde7f52cb0]
Event: 1194.393 Thread 0x000001bdf3f357c0 15936       4       io.jsonwebtoken.impl.DefaultJwtParser::<init> (97 bytes)
Event: 1194.427 Thread 0x000001bdf3f357c0 nmethod 15936 0x000001bde8106488 code [0x000001bde8106600, 0x000001bde8107618]
Event: 1194.427 Thread 0x000001bdf3f357c0 15938       4       java.net.Inet6Address::getHostAddress (8 bytes)
Event: 1194.429 Thread 0x000001bdf3f357c0 nmethod 15938 0x000001bde7f55608 code [0x000001bde7f55720, 0x000001bde7f55830]
Event: 1194.429 Thread 0x000001bdf3f357c0 15939       4       ch.qos.logback.classic.pattern.LevelConverter::convert (9 bytes)
Event: 1194.430 Thread 0x000001bdf3f357c0 nmethod 15939 0x000001bde7f55c08 code [0x000001bde7f55d20, 0x000001bde7f55df8]
Event: 1194.471 Thread 0x000001bdf3f357c0 15940       4       ch.qos.logback.core.spi.FilterAttachableImpl::getFilterChainDecision (62 bytes)
Event: 1194.478 Thread 0x000001bdf3f357c0 nmethod 15940 0x000001bde7f70308 code [0x000001bde7f70440, 0x000001bde7f70698]
Event: 1194.652 Thread 0x000001bdf3f357c0 15941       4       org.apache.catalina.core.ApplicationDispatcher::wrapRequest (259 bytes)
Event: 1194.674 Thread 0x000001bdf3f357c0 nmethod 15941 0x000001bde7ee3c08 code [0x000001bde7ee3da0, 0x000001bde7ee47d8]
Event: 1194.674 Thread 0x000001bdf3f357c0 15942       4       org.apache.catalina.core.ApplicationDispatcher::unwrapRequest (122 bytes)
Event: 1194.679 Thread 0x000001bdf3f357c0 nmethod 15942 0x000001bde7efa988 code [0x000001bde7efaac0, 0x000001bde7efad90]
Event: 1194.679 Thread 0x000001bdf3f357c0 15943   !   4       org.apache.catalina.core.ApplicationDispatcher::invoke (800 bytes)
Event: 1194.743 Thread 0x000001bdf3f357c0 nmethod 15943 0x000001bde7f00808 code [0x000001bde7f00a60, 0x000001bde7f01b38]
Event: 1194.744 Thread 0x000001bdf3f357c0 15944   !   4       org.apache.catalina.core.ApplicationDispatcher::doForward (590 bytes)

GC Heap History (20 events):
Event: 1164.023 GC heap before
{Heap before GC invocations=48 (full 0):
 garbage-first heap   total reserved 1558528K, committed 204800K, used 169936K [0x00000000a0e00000, 0x0000000100000000)
  region size 1024K, 120 young (122880K), 8 survivors (8192K)
 Metaspace       used 90326K, committed 91200K, reserved 1179648K
  class space    used 12223K, committed 12608K, reserved 1048576K
}
Event: 1164.032 GC heap after
{Heap after GC invocations=49 (full 0):
 garbage-first heap   total reserved 1558528K, committed 204800K, used 56433K [0x00000000a0e00000, 0x0000000100000000)
  region size 1024K, 8 young (8192K), 8 survivors (8192K)
 Metaspace       used 90326K, committed 91200K, reserved 1179648K
  class space    used 12223K, committed 12608K, reserved 1048576K
}
Event: 1166.544 GC heap before
{Heap before GC invocations=50 (full 0):
 garbage-first heap   total reserved 1558528K, committed 194560K, used 163953K [0x00000000a0e00000, 0x0000000100000000)
  region size 1024K, 114 young (116736K), 8 survivors (8192K)
 Metaspace       used 90326K, committed 91200K, reserved 1179648K
  class space    used 12223K, committed 12608K, reserved 1048576K
}
Event: 1166.555 GC heap after
{Heap after GC invocations=51 (full 0):
 garbage-first heap   total reserved 1558528K, committed 194560K, used 56432K [0x00000000a0e00000, 0x0000000100000000)
  region size 1024K, 8 young (8192K), 8 survivors (8192K)
 Metaspace       used 90326K, committed 91200K, reserved 1179648K
  class space    used 12223K, committed 12608K, reserved 1048576K
}
Event: 1168.947 GC heap before
{Heap before GC invocations=51 (full 0):
 garbage-first heap   total reserved 1558528K, committed 194560K, used 163952K [0x00000000a0e00000, 0x0000000100000000)
  region size 1024K, 114 young (116736K), 8 survivors (8192K)
 Metaspace       used 90326K, committed 91200K, reserved 1179648K
  class space    used 12223K, committed 12608K, reserved 1048576K
}
Event: 1168.956 GC heap after
{Heap after GC invocations=52 (full 0):
 garbage-first heap   total reserved 1558528K, committed 194560K, used 49363K [0x00000000a0e00000, 0x0000000100000000)
  region size 1024K, 7 young (7168K), 7 survivors (7168K)
 Metaspace       used 90326K, committed 91200K, reserved 1179648K
  class space    used 12223K, committed 12608K, reserved 1048576K
}
Event: 1171.175 GC heap before
{Heap before GC invocations=52 (full 0):
 garbage-first heap   total reserved 1558528K, committed 194560K, used 157907K [0x00000000a0e00000, 0x0000000100000000)
  region size 1024K, 114 young (116736K), 7 survivors (7168K)
 Metaspace       used 90326K, committed 91200K, reserved 1179648K
  class space    used 12223K, committed 12608K, reserved 1048576K
}
Event: 1171.186 GC heap after
{Heap after GC invocations=53 (full 0):
 garbage-first heap   total reserved 1558528K, committed 194560K, used 50037K [0x00000000a0e00000, 0x0000000100000000)
  region size 1024K, 8 young (8192K), 8 survivors (8192K)
 Metaspace       used 90326K, committed 91200K, reserved 1179648K
  class space    used 12223K, committed 12608K, reserved 1048576K
}
Event: 1173.385 GC heap before
{Heap before GC invocations=54 (full 0):
 garbage-first heap   total reserved 1558528K, committed 174080K, used 145269K [0x00000000a0e00000, 0x0000000100000000)
  region size 1024K, 102 young (104448K), 8 survivors (8192K)
 Metaspace       used 90326K, committed 91200K, reserved 1179648K
  class space    used 12223K, committed 12608K, reserved 1048576K
}
Event: 1173.398 GC heap after
{Heap after GC invocations=55 (full 0):
 garbage-first heap   total reserved 1558528K, committed 174080K, used 49895K [0x00000000a0e00000, 0x0000000100000000)
  region size 1024K, 6 young (6144K), 6 survivors (6144K)
 Metaspace       used 90326K, committed 91200K, reserved 1179648K
  class space    used 12223K, committed 12608K, reserved 1048576K
}
Event: 1176.079 GC heap before
{Heap before GC invocations=55 (full 0):
 garbage-first heap   total reserved 1558528K, committed 174080K, used 148199K [0x00000000a0e00000, 0x0000000100000000)
  region size 1024K, 102 young (104448K), 6 survivors (6144K)
 Metaspace       used 90327K, committed 91200K, reserved 1179648K
  class space    used 12223K, committed 12608K, reserved 1048576K
}
Event: 1176.088 GC heap after
{Heap after GC invocations=56 (full 0):
 garbage-first heap   total reserved 1558528K, committed 174080K, used 48130K [0x00000000a0e00000, 0x0000000100000000)
  region size 1024K, 6 young (6144K), 6 survivors (6144K)
 Metaspace       used 90327K, committed 91200K, reserved 1179648K
  class space    used 12223K, committed 12608K, reserved 1048576K
}
Event: 1178.661 GC heap before
{Heap before GC invocations=56 (full 0):
 garbage-first heap   total reserved 1558528K, committed 174080K, used 146434K [0x00000000a0e00000, 0x0000000100000000)
  region size 1024K, 102 young (104448K), 6 survivors (6144K)
 Metaspace       used 90327K, committed 91200K, reserved 1179648K
  class space    used 12223K, committed 12608K, reserved 1048576K
}
Event: 1178.677 GC heap after
{Heap after GC invocations=57 (full 0):
 garbage-first heap   total reserved 1558528K, committed 174080K, used 48381K [0x00000000a0e00000, 0x0000000100000000)
  region size 1024K, 2 young (2048K), 2 survivors (2048K)
 Metaspace       used 90327K, committed 91200K, reserved 1179648K
  class space    used 12223K, committed 12608K, reserved 1048576K
}
Event: 1180.834 GC heap before
{Heap before GC invocations=58 (full 0):
 garbage-first heap   total reserved 1558528K, committed 167936K, used 145661K [0x00000000a0e00000, 0x0000000100000000)
  region size 1024K, 98 young (100352K), 2 survivors (2048K)
 Metaspace       used 90327K, committed 91200K, reserved 1179648K
  class space    used 12223K, committed 12608K, reserved 1048576K
}
Event: 1180.838 GC heap after
{Heap after GC invocations=59 (full 0):
 garbage-first heap   total reserved 1558528K, committed 167936K, used 48341K [0x00000000a0e00000, 0x0000000100000000)
  region size 1024K, 1 young (1024K), 1 survivors (1024K)
 Metaspace       used 90327K, committed 91200K, reserved 1179648K
  class space    used 12223K, committed 12608K, reserved 1048576K
}
Event: 1183.174 GC heap before
{Heap before GC invocations=59 (full 0):
 garbage-first heap   total reserved 1558528K, committed 167936K, used 146645K [0x00000000a0e00000, 0x0000000100000000)
  region size 1024K, 98 young (100352K), 1 survivors (1024K)
 Metaspace       used 90327K, committed 91200K, reserved 1179648K
  class space    used 12223K, committed 12608K, reserved 1048576K
}
Event: 1183.178 GC heap after
{Heap after GC invocations=60 (full 0):
 garbage-first heap   total reserved 1558528K, committed 167936K, used 46497K [0x00000000a0e00000, 0x0000000100000000)
  region size 1024K, 1 young (1024K), 1 survivors (1024K)
 Metaspace       used 90327K, committed 91200K, reserved 1179648K
  class space    used 12223K, committed 12608K, reserved 1048576K
}
Event: 1194.518 GC heap before
{Heap before GC invocations=60 (full 0):
 garbage-first heap   total reserved 1558528K, committed 167936K, used 144801K [0x00000000a0e00000, 0x0000000100000000)
  region size 1024K, 98 young (100352K), 1 survivors (1024K)
 Metaspace       used 90327K, committed 91200K, reserved 1179648K
  class space    used 12224K, committed 12608K, reserved 1048576K
}
Event: 1194.520 GC heap after
{Heap after GC invocations=61 (full 0):
 garbage-first heap   total reserved 1558528K, committed 167936K, used 46587K [0x00000000a0e00000, 0x0000000100000000)
  region size 1024K, 1 young (1024K), 1 survivors (1024K)
 Metaspace       used 90327K, committed 91200K, reserved 1179648K
  class space    used 12224K, committed 12608K, reserved 1048576K
}

Dll operation events (11 events):
Event: 0.035 Loaded shared library C:\Program Files\Java\jdk-23\bin\java.dll
Event: 0.123 Loaded shared library C:\Program Files\Java\jdk-23\bin\jsvml.dll
Event: 0.229 Loaded shared library C:\Program Files\Java\jdk-23\bin\net.dll
Event: 0.236 Loaded shared library C:\Program Files\Java\jdk-23\bin\nio.dll
Event: 0.244 Loaded shared library C:\Program Files\Java\jdk-23\bin\zip.dll
Event: 0.456 Loaded shared library C:\Program Files\Java\jdk-23\bin\jimage.dll
Event: 0.854 Loaded shared library C:\Program Files\Java\jdk-23\bin\management.dll
Event: 0.860 Loaded shared library C:\Program Files\Java\jdk-23\bin\management_ext.dll
Event: 2.489 Loaded shared library C:\Program Files\Java\jdk-23\bin\sunmscapi.dll
Event: 5.724 Loaded shared library C:\Program Files\Java\jdk-23\bin\verify.dll
Event: 6.123 Loaded shared library C:\Program Files\Java\jdk-23\bin\extnet.dll

Deoptimization events (20 events):
Event: 1173.804 Thread 0x000001bdcad90680 Uncommon trap: trap_request=0xffffffd6 fr.pc=0x000001bde7fcb0a0 relative=0x0000000000003c80
Event: 1173.804 Thread 0x000001bdcad90680 Uncommon trap: reason=array_check action=maybe_recompile pc=0x000001bde7fcb0a0 method=org.apache.coyote.http11.Http11OutputBuffer.addActiveFilter(Lorg/apache/coyote/http11/OutputFilter;)V @ 79 c2
Event: 1173.804 Thread 0x000001bdcad90680 DEOPT PACKING pc=0x000001bde7fcb0a0 sp=0x0000005c7ebfc3c0
Event: 1173.804 Thread 0x000001bdcad90680 DEOPT UNPACKING pc=0x000001bde7944402 sp=0x0000005c7ebfc2e8 mode 2
Event: 1185.098 Thread 0x000001bdcad8aaa0 Uncommon trap: trap_request=0xffffffd6 fr.pc=0x000001bde7f43da4 relative=0x00000000000007e4
Event: 1185.098 Thread 0x000001bdcad8aaa0 Uncommon trap: reason=array_check action=maybe_recompile pc=0x000001bde7f43da4 method=org.apache.coyote.http11.Http11InputBuffer.addActiveFilter(Lorg/apache/coyote/http11/InputFilter;)V @ 79 c2
Event: 1185.098 Thread 0x000001bdcad8aaa0 DEOPT PACKING pc=0x000001bde7f43da4 sp=0x0000005c7e4fe930
Event: 1185.098 Thread 0x000001bdcad8aaa0 DEOPT UNPACKING pc=0x000001bde7944402 sp=0x0000005c7e4fe8e8 mode 2
Event: 1186.111 Thread 0x000001bdcad90680 Uncommon trap: trap_request=0xffffffd6 fr.pc=0x000001bde7f43da4 relative=0x00000000000007e4
Event: 1186.111 Thread 0x000001bdcad90680 Uncommon trap: reason=array_check action=maybe_recompile pc=0x000001bde7f43da4 method=org.apache.coyote.http11.Http11InputBuffer.addActiveFilter(Lorg/apache/coyote/http11/InputFilter;)V @ 79 c2
Event: 1186.111 Thread 0x000001bdcad90680 DEOPT PACKING pc=0x000001bde7f43da4 sp=0x0000005c7ebfee30
Event: 1186.111 Thread 0x000001bdcad90680 DEOPT UNPACKING pc=0x000001bde7944402 sp=0x0000005c7ebfede8 mode 2
Event: 1186.114 Thread 0x000001bdcad8a410 Uncommon trap: trap_request=0xffffffd6 fr.pc=0x000001bde7f43da4 relative=0x00000000000007e4
Event: 1186.114 Thread 0x000001bdcad8a410 Uncommon trap: reason=array_check action=maybe_recompile pc=0x000001bde7f43da4 method=org.apache.coyote.http11.Http11InputBuffer.addActiveFilter(Lorg/apache/coyote/http11/InputFilter;)V @ 79 c2
Event: 1186.114 Thread 0x000001bdcad8a410 DEOPT PACKING pc=0x000001bde7f43da4 sp=0x0000005c7eafe940
Event: 1186.114 Thread 0x000001bdcad8a410 DEOPT UNPACKING pc=0x000001bde7944402 sp=0x0000005c7eafe8f8 mode 2
Event: 1186.116 Thread 0x000001bdcad8b130 Uncommon trap: trap_request=0xffffffd6 fr.pc=0x000001bde7f43da4 relative=0x00000000000007e4
Event: 1186.116 Thread 0x000001bdcad8b130 Uncommon trap: reason=array_check action=maybe_recompile pc=0x000001bde7f43da4 method=org.apache.coyote.http11.Http11InputBuffer.addActiveFilter(Lorg/apache/coyote/http11/InputFilter;)V @ 79 c2
Event: 1186.116 Thread 0x000001bdcad8b130 DEOPT PACKING pc=0x000001bde7f43da4 sp=0x0000005c7e2feeb0
Event: 1186.116 Thread 0x000001bdcad8b130 DEOPT UNPACKING pc=0x000001bde7944402 sp=0x0000005c7e2fee68 mode 2

Classes loaded (20 events):
Event: 334.729 Loading class java/util/stream/ReferencePipeline$4$1
Event: 334.729 Loading class java/util/stream/ReferencePipeline$4$1 done
Event: 334.830 Loading class java/lang/Throwable$WrappedPrintWriter
Event: 334.830 Loading class java/lang/Throwable$PrintStreamOrWriter
Event: 334.831 Loading class java/lang/Throwable$PrintStreamOrWriter done
Event: 334.831 Loading class java/lang/Throwable$WrappedPrintWriter done
Event: 334.884 Loading class java/util/stream/LongStream
Event: 334.884 Loading class java/util/stream/LongStream done
Event: 334.884 Loading class java/util/stream/DoubleStream
Event: 334.885 Loading class java/util/stream/DoubleStream done
Event: 358.311 Loading class java/io/PushbackInputStream
Event: 358.312 Loading class java/io/PushbackInputStream done
Event: 358.317 Loading class org/w3c/dom/Node
Event: 358.318 Loading class org/w3c/dom/Node done
Event: 358.318 Loading class org/w3c/dom/Document
Event: 358.319 Loading class org/w3c/dom/Document done
Event: 432.900 Loading class jdk/internal/reflect/MethodHandleDoubleFieldAccessorImpl
Event: 432.901 Loading class jdk/internal/reflect/MethodHandleDoubleFieldAccessorImpl done
Event: 1147.597 Loading class sun/util/locale/LocaleExtensions
Event: 1147.624 Loading class sun/util/locale/LocaleExtensions done

Classes unloaded (0 events):
No events

Classes redefined (0 events):
No events

Internal exceptions (20 events):
Event: 358.625 Thread 0x000001bdcad8df20 Exception <a 'java/lang/NoSuchMethodError'{0x00000000b33a63d8}: 'void java.lang.invoke.DirectMethodHandle$Holder.invokeSpecialIFC(java.lang.Object, java.lang.Object, int, java.lang.Object, java.lang.Object, java.lang.Object, java.lang.Object)'> (0x00000000b33a63d8) 
thrown [s\open\src\hotspot\share\interpreter\linkResolver.cpp, line 796]
Event: 428.316 Thread 0x000001bdcad8d890 Exception <a 'java/lang/NoSuchMethodError'{0x00000000b2629120}: 'java.lang.Object java.lang.invoke.DirectMethodHandle$Holder.invokeVirtual(java.lang.Object, java.lang.Object, java.lang.Object, java.lang.Object, java.lang.Object, java.lang.Object, java.lang.Object, java.lang.Object, java.lang.Object, java.lang.Object, java.lang.Object, java.lang.Object)'> (0x00000000b2629120) 
thrown [s\open\src\hotspot\share\interpreter\linkResolver.cpp, line 796]
Event: 428.358 Thread 0x000001bdcad8d890 Exception <a 'java/lang/IncompatibleClassChangeError'{0x00000000b26bf920}: Found class java.lang.Object, but interface was expected> (0x00000000b26bf920) 
thrown [s\open\src\hotspot\share\interpreter\linkResolver.cpp, line 863]
Event: 428.412 Thread 0x000001bdcad8d890 Exception <a 'java/lang/IncompatibleClassChangeError'{0x00000000b253a948}: Found class java.lang.Object, but interface was expected> (0x00000000b253a948) 
thrown [s\open\src\hotspot\share\interpreter\linkResolver.cpp, line 863]
Event: 428.425 Thread 0x000001bdcad8d890 Exception <a 'java/lang/NoSuchMethodError'{0x00000000b2569600}: 'void java.lang.invoke.Invokers$Holder.invokeExact_MT(java.lang.Object, java.lang.Object, int, java.lang.Object)'> (0x00000000b2569600) 
thrown [s\open\src\hotspot\share\interpreter\linkResolver.cpp, line 796]
Event: 428.890 Thread 0x000001bdcad8d890 Exception <a 'java/lang/IncompatibleClassChangeError'{0x00000000b2184640}: Found class java.lang.Object, but interface was expected> (0x00000000b2184640) 
thrown [s\open\src\hotspot\share\interpreter\linkResolver.cpp, line 863]
Event: 428.941 Thread 0x000001bdcad8d890 Exception <a 'java/lang/NoSuchMethodError'{0x00000000b2030830}: 'int java.lang.invoke.Invokers$Holder.invokeExact_MT(java.lang.Object, java.lang.Object, java.lang.Object)'> (0x00000000b2030830) 
thrown [s\open\src\hotspot\share\interpreter\linkResolver.cpp, line 796]
Event: 429.032 Thread 0x000001bdcad8d890 Exception <a 'java/lang/IncompatibleClassChangeError'{0x00000000b20e2898}: Found class java.lang.Object, but interface was expected> (0x00000000b20e2898) 
thrown [s\open\src\hotspot\share\interpreter\linkResolver.cpp, line 863]
Event: 429.042 Thread 0x000001bdcad8d890 Exception <a 'java/lang/NoSuchMethodError'{0x00000000b1f00348}: 'long java.lang.invoke.DelegatingMethodHandle$Holder.reinvoke_L(java.lang.Object, java.lang.Object)'> (0x00000000b1f00348) 
thrown [s\open\src\hotspot\share\interpreter\linkResolver.cpp, line 796]
Event: 429.043 Thread 0x000001bdcad8d890 Exception <a 'java/lang/IncompatibleClassChangeError'{0x00000000b1f0a4e0}: Found class java.lang.Object, but interface was expected> (0x00000000b1f0a4e0) 
thrown [s\open\src\hotspot\share\interpreter\linkResolver.cpp, line 863]
Event: 429.043 Thread 0x000001bdcad8d890 Exception <a 'java/lang/IncompatibleClassChangeError'{0x00000000b1f0b780}: Found class java.lang.Object, but interface was expected> (0x00000000b1f0b780) 
thrown [s\open\src\hotspot\share\interpreter\linkResolver.cpp, line 863]
Event: 429.044 Thread 0x000001bdcad8d890 Exception <a 'java/lang/IncompatibleClassChangeError'{0x00000000b1f0f018}: Found class java.lang.Object, but interface was expected> (0x00000000b1f0f018) 
thrown [s\open\src\hotspot\share\interpreter\linkResolver.cpp, line 863]
Event: 432.875 Thread 0x000001bdcad8aaa0 Exception <a 'java/lang/IncompatibleClassChangeError'{0x00000000b1ae1b50}: Found class java.lang.Object, but interface was expected> (0x00000000b1ae1b50) 
thrown [s\open\src\hotspot\share\interpreter\linkResolver.cpp, line 863]
Event: 432.901 Thread 0x000001bdcad8aaa0 Exception <a 'java/lang/NoSuchMethodError'{0x00000000b1917348}: 'double java.lang.invoke.DelegatingMethodHandle$Holder.reinvoke_L(java.lang.Object, java.lang.Object)'> (0x00000000b1917348) 
thrown [s\open\src\hotspot\share\interpreter\linkResolver.cpp, line 796]
Event: 432.902 Thread 0x000001bdcad8aaa0 Exception <a 'java/lang/NoSuchMethodError'{0x00000000b1921dd0}: 'void java.lang.invoke.DelegatingMethodHandle$Holder.reinvoke_L(java.lang.Object, java.lang.Object, double)'> (0x00000000b1921dd0) 
thrown [s\open\src\hotspot\share\interpreter\linkResolver.cpp, line 796]
Event: 432.962 Thread 0x000001bdcad8aaa0 Exception <a 'java/lang/NoSuchMethodError'{0x00000000b19f44d8}: 'double java.lang.invoke.DirectMethodHandle$Holder.invokeVirtual(java.lang.Object, java.lang.Object)'> (0x00000000b19f44d8) 
thrown [s\open\src\hotspot\share\interpreter\linkResolver.cpp, line 796]
Event: 1163.852 Thread 0x000001bdcad89d80 Implicit null exception at 0x000001bde879ee26 to 0x000001bde879f5b0
Event: 1163.854 Thread 0x000001bdcad89d80 Implicit null exception at 0x000001bde879ee26 to 0x000001bde879f5b0
Event: 1163.854 Thread 0x000001bdcad8cb70 Implicit null exception at 0x000001bde879ee26 to 0x000001bde879f5b0
Event: 1163.856 Thread 0x000001bdcad8cb70 Implicit null exception at 0x000001bde879ee26 to 0x000001bde879f5b0

VM Operations (20 events):
Event: 1173.385 Executing VM operation: G1CollectForAllocation (G1 Evacuation Pause)
Event: 1173.398 Executing VM operation: G1CollectForAllocation (G1 Evacuation Pause) done
Event: 1176.079 Executing VM operation: G1CollectForAllocation (G1 Evacuation Pause)
Event: 1176.088 Executing VM operation: G1CollectForAllocation (G1 Evacuation Pause) done
Event: 1178.661 Executing VM operation: G1CollectForAllocation (G1 Evacuation Pause)
Event: 1178.677 Executing VM operation: G1CollectForAllocation (G1 Evacuation Pause) done
Event: 1178.739 Executing VM operation: G1PauseRemark
Event: 1178.746 Executing VM operation: G1PauseRemark done
Event: 1178.762 Executing VM operation: G1PauseCleanup
Event: 1178.762 Executing VM operation: G1PauseCleanup done
Event: 1180.834 Executing VM operation: G1CollectForAllocation (G1 Evacuation Pause)
Event: 1180.838 Executing VM operation: G1CollectForAllocation (G1 Evacuation Pause) done
Event: 1183.174 Executing VM operation: G1CollectForAllocation (G1 Evacuation Pause)
Event: 1183.178 Executing VM operation: G1CollectForAllocation (G1 Evacuation Pause) done
Event: 1194.518 Executing VM operation: G1CollectForAllocation (G1 Evacuation Pause)
Event: 1194.520 Executing VM operation: G1CollectForAllocation (G1 Evacuation Pause) done
Event: 1194.587 Executing VM operation: G1PauseRemark
Event: 1194.634 Executing VM operation: G1PauseRemark done
Event: 1194.654 Executing VM operation: G1PauseCleanup
Event: 1194.655 Executing VM operation: G1PauseCleanup done

Memory protections (0 events):
No events

Nmethod flushes (20 events):
Event: 1194.628 Thread 0x000001bdf3ee1b90 flushing  nmethod 0x000001bde1853988
Event: 1194.628 Thread 0x000001bdf3ee1b90 flushing  nmethod 0x000001bde1856e88
Event: 1194.628 Thread 0x000001bdf3ee1b90 flushing  nmethod 0x000001bde1859f08
Event: 1194.628 Thread 0x000001bdf3ee1b90 flushing  nmethod 0x000001bde185a208
Event: 1194.628 Thread 0x000001bdf3ee1b90 flushing  nmethod 0x000001bde1864988
Event: 1194.628 Thread 0x000001bdf3ee1b90 flushing  nmethod 0x000001bde1865b08
Event: 1194.628 Thread 0x000001bdf3ee1b90 flushing  nmethod 0x000001bde1867708
Event: 1194.628 Thread 0x000001bdf3ee1b90 flushing  nmethod 0x000001bde18d6088
Event: 1194.628 Thread 0x000001bdf3ee1b90 flushing  nmethod 0x000001bde18d6b08
Event: 1194.628 Thread 0x000001bdf3ee1b90 flushing  nmethod 0x000001bde18dad88
Event: 1194.628 Thread 0x000001bdf3ee1b90 flushing  nmethod 0x000001bde18db308
Event: 1194.628 Thread 0x000001bdf3ee1b90 flushing  nmethod 0x000001bde18dbc88
Event: 1194.628 Thread 0x000001bdf3ee1b90 flushing  nmethod 0x000001bde18de088
Event: 1194.628 Thread 0x000001bdf3ee1b90 flushing  nmethod 0x000001bde18de688
Event: 1194.628 Thread 0x000001bdf3ee1b90 flushing  nmethod 0x000001bde18ded88
Event: 1194.628 Thread 0x000001bdf3ee1b90 flushing  nmethod 0x000001bde1967d08
Event: 1194.628 Thread 0x000001bdf3ee1b90 flushing  nmethod 0x000001bde1968188
Event: 1194.628 Thread 0x000001bdf3ee1b90 flushing  nmethod 0x000001bde196ea08
Event: 1194.628 Thread 0x000001bdf3ee1b90 flushing  nmethod 0x000001bde1976208
Event: 1194.628 Thread 0x000001bdf3ee1b90 flushing  nmethod 0x000001bde1976508

Events (20 events):
Event: 1129.701 Thread 0x000001bdc5018070 Thread added: 0x000001bdc83b0db0
Event: 1131.333 Thread 0x000001bdc83b0db0 Thread exited: 0x000001bdc83b0db0
Event: 1131.989 Thread 0x000001bdc5018070 Thread added: 0x000001bdc83b0db0
Event: 1132.373 Thread 0x000001bdc83b0db0 Thread exited: 0x000001bdc83b0db0
Event: 1133.459 Thread 0x000001bdf3f357c0 Thread added: 0x000001bdc83ade00
Event: 1134.763 Thread 0x000001bdc83ade00 Thread exited: 0x000001bdc83ade00
Event: 1135.536 Thread 0x000001bdf3f357c0 Thread added: 0x000001bdc83ad730
Event: 1136.369 Thread 0x000001bdc83ad730 Thread exited: 0x000001bdc83ad730
Event: 1137.876 Thread 0x000001bdf3f357c0 Thread added: 0x000001bdc83b0db0
Event: 1140.891 Thread 0x000001bdc83b0db0 Thread exited: 0x000001bdc83b0db0
Event: 1141.489 Thread 0x000001bdf3f357c0 Thread added: 0x000001bdc83b0db0
Event: 1141.797 Thread 0x000001bdc83b0db0 Thread exited: 0x000001bdc83b0db0
Event: 1144.809 Thread 0x000001bdf3f357c0 Thread added: 0x000001bdc83ade00
Event: 1145.237 Thread 0x000001bdc83ade00 Thread exited: 0x000001bdc83ade00
Event: 1156.639 Thread 0x000001bdf3f357c0 Thread added: 0x000001bdc83b4430
Event: 1159.163 Thread 0x000001bdc83b4430 Thread exited: 0x000001bdc83b4430
Event: 1162.771 Thread 0x000001bdf3f357c0 Thread added: 0x000001bdc83b1b50
Event: 1163.613 Thread 0x000001bdc83b1b50 Thread exited: 0x000001bdc83b1b50
Event: 1163.655 Thread 0x000001bdf3f357c0 Thread added: 0x000001bdc83b3d60
Event: 1164.075 Thread 0x000001bdc83b3d60 Thread exited: 0x000001bdc83b3d60


Dynamic libraries:
0x00007ff63cb80000 - 0x00007ff63cb90000 	C:\Program Files\Java\jdk-23\bin\java.exe
0x00007ffe45f40000 - 0x00007ffe461a3000 	C:\WINDOWS\SYSTEM32\ntdll.dll
0x00007ffe444c0000 - 0x00007ffe44588000 	C:\WINDOWS\System32\KERNEL32.DLL
0x00007ffe434d0000 - 0x00007ffe43884000 	C:\WINDOWS\System32\KERNELBASE.dll
0x0000000065c50000 - 0x0000000065f7e000 	C:\Program Files\Norton Security\NortonData\22.23.10.10\Definitions\IPSDefs\20250203.064\IPSEng64.dll
0x00007ffe443c0000 - 0x00007ffe44473000 	C:\WINDOWS\System32\ADVAPI32.dll
0x00007ffe44a70000 - 0x00007ffe44b19000 	C:\WINDOWS\System32\msvcrt.dll
0x00007ffe455e0000 - 0x00007ffe45686000 	C:\WINDOWS\System32\sechost.dll
0x00007ffe45460000 - 0x00007ffe45576000 	C:\WINDOWS\System32\RPCRT4.dll
0x00007ffe45400000 - 0x00007ffe45408000 	C:\WINDOWS\System32\PSAPI.DLL
0x00007ffe43890000 - 0x00007ffe439db000 	C:\WINDOWS\System32\ucrtbase.dll
0x00007ffe3f090000 - 0x00007ffe3f0ab000 	C:\Program Files\Java\jdk-23\bin\VCRUNTIME140.dll
0x00007ffe3f0b0000 - 0x00007ffe3f0c7000 	C:\Program Files\Java\jdk-23\bin\jli.dll
0x00007ffe44b20000 - 0x00007ffe44ce9000 	C:\WINDOWS\System32\USER32.dll
0x00007ffe43d50000 - 0x00007ffe43d77000 	C:\WINDOWS\System32\win32u.dll
0x00007ffe45690000 - 0x00007ffe456ba000 	C:\WINDOWS\System32\GDI32.dll
0x00007ffe35910000 - 0x00007ffe35ba0000 	C:\WINDOWS\WinSxS\amd64_microsoft.windows.common-controls_6595b64144ccf1df_6.0.26100.2702_none_3e069454e335fc5e\COMCTL32.dll
0x00007ffe432f0000 - 0x00007ffe4341b000 	C:\WINDOWS\System32\gdi32full.dll
0x00007ffe43420000 - 0x00007ffe434c3000 	C:\WINDOWS\System32\msvcp_win.dll
0x00007ffe44480000 - 0x00007ffe444af000 	C:\WINDOWS\System32\IMM32.DLL
0x00007ffe3f080000 - 0x00007ffe3f08c000 	C:\Program Files\Java\jdk-23\bin\vcruntime140_1.dll
0x00007ffe33480000 - 0x00007ffe3350e000 	C:\Program Files\Java\jdk-23\bin\msvcp140.dll
0x00007ffdca870000 - 0x00007ffdcb5bf000 	C:\Program Files\Java\jdk-23\bin\server\jvm.dll
0x00007ffe43fb0000 - 0x00007ffe44024000 	C:\WINDOWS\System32\WS2_32.dll
0x00007ffe43180000 - 0x00007ffe431ce000 	C:\WINDOWS\SYSTEM32\POWRPROF.dll
0x00007ffe3baf0000 - 0x00007ffe3bafb000 	C:\WINDOWS\SYSTEM32\VERSION.dll
0x00007ffe3aff0000 - 0x00007ffe3b026000 	C:\WINDOWS\SYSTEM32\WINMM.dll
0x00007ffe43160000 - 0x00007ffe43174000 	C:\WINDOWS\SYSTEM32\UMPDC.dll
0x00007ffe420f0000 - 0x00007ffe4210a000 	C:\WINDOWS\SYSTEM32\kernel.appcore.dll
0x00007ffe3f070000 - 0x00007ffe3f07a000 	C:\Program Files\Java\jdk-23\bin\jimage.dll
0x00007ffe40db0000 - 0x00007ffe40ff1000 	C:\WINDOWS\SYSTEM32\DBGHELP.DLL
0x00007ffe44030000 - 0x00007ffe443ae000 	C:\WINDOWS\System32\combase.dll
0x00007ffe43e70000 - 0x00007ffe43f46000 	C:\WINDOWS\System32\OLEAUT32.dll
0x00007ffe2c4a0000 - 0x00007ffe2c4d9000 	C:\WINDOWS\SYSTEM32\dbgcore.DLL
0x00007ffe439e0000 - 0x00007ffe43a79000 	C:\WINDOWS\System32\bcryptPrimitives.dll
0x00007ffe37610000 - 0x00007ffe3762e000 	C:\Program Files\Java\jdk-23\bin\java.dll
0x00007ffe45260000 - 0x00007ffe453f5000 	C:\WINDOWS\System32\ole32.dll
0x00007ffe456c0000 - 0x00007ffe45dc4000 	C:\WINDOWS\System32\SHELL32.dll
0x00007ffe41010000 - 0x00007ffe41847000 	C:\WINDOWS\SYSTEM32\windows.storage.dll
0x00007ffe43d80000 - 0x00007ffe43e69000 	C:\WINDOWS\System32\SHCORE.dll
0x00007ffe45580000 - 0x00007ffe455dd000 	C:\WINDOWS\System32\shlwapi.dll
0x00007ffe43200000 - 0x00007ffe4322e000 	C:\WINDOWS\SYSTEM32\profapi.dll
0x00007ffe0e060000 - 0x00007ffe0e137000 	C:\Program Files\Java\jdk-23\bin\jsvml.dll
0x00007ffe37600000 - 0x00007ffe37610000 	C:\Program Files\Java\jdk-23\bin\net.dll
0x00007ffe42630000 - 0x00007ffe42698000 	C:\WINDOWS\system32\mswsock.dll
0x00007ffe375e0000 - 0x00007ffe375f6000 	C:\Program Files\Java\jdk-23\bin\nio.dll
0x00007ffe375c0000 - 0x00007ffe375d7000 	C:\Program Files\Java\jdk-23\bin\zip.dll
0x00007ffe3c470000 - 0x00007ffe3c47a000 	C:\Program Files\Java\jdk-23\bin\management.dll
0x00007ffe3c460000 - 0x00007ffe3c46b000 	C:\Program Files\Java\jdk-23\bin\management_ext.dll
0x00007ffe375b0000 - 0x00007ffe375be000 	C:\Program Files\Java\jdk-23\bin\sunmscapi.dll
0x00007ffe43bd0000 - 0x00007ffe43d46000 	C:\WINDOWS\System32\CRYPT32.dll
0x00007ffe42ad0000 - 0x00007ffe42b00000 	C:\WINDOWS\SYSTEM32\ncrypt.dll
0x00007ffe42a80000 - 0x00007ffe42abf000 	C:\WINDOWS\SYSTEM32\NTASN1.dll
0x00007ffe428e0000 - 0x00007ffe428fc000 	C:\WINDOWS\SYSTEM32\CRYPTSP.dll
0x00007ffe42050000 - 0x00007ffe42088000 	C:\WINDOWS\system32\rsaenh.dll
0x00007ffe426d0000 - 0x00007ffe426fb000 	C:\WINDOWS\SYSTEM32\USERENV.dll
0x00007ffe42b10000 - 0x00007ffe42b36000 	C:\WINDOWS\SYSTEM32\bcrypt.dll
0x00007ffe428d0000 - 0x00007ffe428dc000 	C:\WINDOWS\SYSTEM32\CRYPTBASE.dll
0x00007ffe41b40000 - 0x00007ffe41b72000 	C:\WINDOWS\SYSTEM32\IPHLPAPI.DLL
0x00007ffe45250000 - 0x00007ffe4525a000 	C:\WINDOWS\System32\NSI.dll
0x00007ffe33610000 - 0x00007ffe33620000 	C:\Program Files\Java\jdk-23\bin\verify.dll
0x00007ffe41c30000 - 0x00007ffe41d55000 	C:\WINDOWS\SYSTEM32\DNSAPI.dll
0x00007ffe34540000 - 0x00007ffe3454b000 	C:\Windows\System32\rasadhlp.dll
0x00007ffe3aeb0000 - 0x00007ffe3af35000 	C:\WINDOWS\System32\fwpuclnt.dll
0x00007ffe33600000 - 0x00007ffe33609000 	C:\Program Files\Java\jdk-23\bin\extnet.dll
0x00007ffe335f0000 - 0x00007ffe335f8000 	C:\WINDOWS\system32\wshunix.dll

dbghelp: loaded successfully - version: 4.0.5 - missing functions: none
symbol engine: initialized successfully - sym options: 0x614 - pdb path: .;C:\Program Files\Java\jdk-23\bin;C:\WINDOWS\SYSTEM32;C:\Program Files\Norton Security\NortonData\22.23.10.10\Definitions\IPSDefs\20250203.064;C:\WINDOWS\WinSxS\amd64_microsoft.windows.common-controls_6595b64144ccf1df_6.0.26100.2702_none_3e069454e335fc5e;C:\Program Files\Java\jdk-23\bin\server

VM Arguments:
jvm_args: -XX:+ShowCodeDetailsInExceptionMessages 
java_command: com.zosh.e_commerce.ECommerceApplication
java_class_path (initial): C:\Users\srinu\OneDrive\Desktop\spring\ecommerce-backend\target\classes;C:\Users\srinu\.m2\repository\org\springframework\boot\spring-boot-starter-data-jpa\3.4.1\spring-boot-starter-data-jpa-3.4.1.jar;C:\Users\srinu\.m2\repository\org\springframework\boot\spring-boot-starter-jdbc\3.4.1\spring-boot-starter-jdbc-3.4.1.jar;C:\Users\srinu\.m2\repository\com\zaxxer\HikariCP\5.1.0\HikariCP-5.1.0.jar;C:\Users\srinu\.m2\repository\org\springframework\spring-jdbc\6.2.1\spring-jdbc-6.2.1.jar;C:\Users\srinu\.m2\repository\org\hibernate\orm\hibernate-core\6.6.4.Final\hibernate-core-6.6.4.Final.jar;C:\Users\srinu\.m2\repository\jakarta\persistence\jakarta.persistence-api\3.1.0\jakarta.persistence-api-3.1.0.jar;C:\Users\srinu\.m2\repository\jakarta\transaction\jakarta.transaction-api\2.0.1\jakarta.transaction-api-2.0.1.jar;C:\Users\srinu\.m2\repository\org\jboss\logging\jboss-logging\3.6.1.Final\jboss-logging-3.6.1.Final.jar;C:\Users\srinu\.m2\repository\org\hibernate\common\hibernate-commons-annotations\7.0.3.Final\hibernate-commons-annotations-7.0.3.Final.jar;C:\Users\srinu\.m2\repository\io\smallrye\jandex\3.2.0\jandex-3.2.0.jar;C:\Users\srinu\.m2\repository\com\fasterxml\classmate\1.7.0\classmate-1.7.0.jar;C:\Users\srinu\.m2\repository\net\bytebuddy\byte-buddy\1.15.11\byte-buddy-1.15.11.jar;C:\Users\srinu\.m2\repository\org\glassfish\jaxb\jaxb-runtime\4.0.5\jaxb-runtime-4.0.5.jar;C:\Users\srinu\.m2\repository\org\glassfish\jaxb\jaxb-core\4.0.5\jaxb-core-4.0.5.jar;C:\Users\srinu\.m2\repository\org\eclipse\angus\angus-activation\2.0.2\angus-activation-2.0.2.jar;C:\Users\srinu\.m2\repository\org\glassfish\jaxb\txw2\4.0.5\txw2-4.0.5.jar;C:\Users\srinu\.m2\repository\com\sun\istack\istack-commons-runtime\4.1.2\istack-commons-runtime-4.1.2.jar;C:\Users\srinu\.m2\repository\jakarta\inject\jakarta.inject-api\2.0.1\jakarta.inject-api-2.0.1.jar;C:\Users\srinu\.m2\repository\org\antlr\antlr4-runtime\4.13.0\antlr4-runtime-4.13.0.jar;C:\Users\srinu\.m2\repository\org\springframework\data\spring-data-jpa\3.4.1\spring-data-jpa-3.4.1.jar;C:\Users\srinu\.m2\repository\org\springframework\data\spring-data-commons\3.4.1\spring-data-commons-3.4.1.jar;C:\Users\srinu\.m2\repository\org\springframework\spring-orm\6.2.1\spring-orm-6.2.1.jar;C:\Users\srinu\.m2\repository\org\springframework\spring-context\6.2.1\spring-context-6.2.1.jar;C:\Users\srinu\.m2\repository\org\springframework\spring-tx\6.2.1\spring-tx-6.2.1.jar;C:\Users\srinu\.m2\repository\org\springframework\spring-beans\6.2.1\spring-beans-6.2.1.jar;C:\Users\srinu\.m2\repository\org\slf4j\slf4j-api\2.0.16\slf4j-api-2.0.16.jar;C:\Users\srinu\.m2\repository\org\springframework\spring-aspects\6.2.1\spring-aspects-6.2.1.jar;C:\Users\srinu\.m2\repository\org\aspectj\aspectjweaver\1.9.22.1\aspectjweaver-1.9.22.1.jar;C:\Users\srinu\.m2\repository\org\springframework\boot\spring-boot-starter-security\3.4.1\spring-boot-starter-security-3.4.1.jar;C:\Users\srinu\.m2\repository\org\springframework\spring-aop\6.2.1\spring-aop-6.2.1.jar;C:\Users\srinu\.m2\repository\org\springframework\security\spring-security-config\6.4.2\spring-security-config-6.4.2.jar;C:\Users\srinu\.m2\repository\org\springframework\security\spring-security-web\6.4.2\spring-security-web-6.4.2.jar;C:\Users\srinu\.m2\repository\org\springframework\spring-expression\6.2.1\spring-expression-6.2.1.jar;C:\Users\srinu\.m2\repository\org\springframework\boot\spring-boot-starter-validation\3.4.1\spring-boot-starter-validation-3.4.1.jar;C:\Users\srinu\.m2\repository\org\apache\tomcat\embed\tomcat-embed-el\10.1.34\tomcat-embed-el-10.1.34.jar;C:\Users\srinu\.m2\repository\org\hibernate\validator\hibernate-validator\8.0.2.Final\hibernate-validator-8.0.2.Final.jar;C:\Users\srinu\.m2\repository\jakarta\validation\jakarta.validation-api\3.0.2\jakarta.validation-api-3.0.2.jar;C:\Users\srinu\.m2\repository\org\springframework\boot\spring-boot-starter-web\3.4.1\spring-boot-starter-web-3.4.1.jar;C:\Users\srinu\.m2\repository\org\springframework\boot\spring-boot-starter-json\3.4.1\spring-boot-starter-json-3.4.1.jar;C:\Users\srinu\.m2\repository\com\fasterxml\jackson\datatype\jackson-datatype-jdk8\2.18.2\jackson-datatype-jdk8-2.18.2.jar;C:\Users\srinu\.m2\repository\com\fasterxml\jackson\datatype\jackson-datatype-jsr310\2.18.2\jackson-datatype-jsr310-2.18.2.jar;C:\Users\srinu\.m2\repository\com\fasterxml\jackson\module\jackson-module-parameter-names\2.18.2\jackson-module-parameter-names-2.18.2.jar;C:\Users\srinu\.m2\repository\org\springframework\boot\spring-boot-starter-tomcat\3.4.1\spring-boot-starter-tomcat-3.4.1.jar;C:\Users\srinu\.m2\repository\org\apache\tomcat\embed\tomcat-embed-core\10.1.34\tomcat-embed-core-10.1.34.jar;C:\Users\srinu\.m2\repository\org\apache\tomcat\embed\tomcat-embed-websocket\10.1.34\tomcat-embed-websocket-10.1.34.jar;C:\Users\srinu\.m2\repository\org\springframework\spring-web\6.2.1\spring-web-6.2.1.jar;C:\Users\srinu\.m2\repository\io\micrometer\micrometer-observation\1.14.2\micrometer-observation-1.14.2.jar;C:\Users\srinu\.m2\repository\io\micrometer\micrometer-commons\1.14.2\micrometer-commons-1.14.2.jar;C:\Users\srinu\.m2\repository\org\springframework\spring-webmvc\6.2.1\spring-webmvc-6.2.1.jar;C:\Users\srinu\.m2\repository\org\springframework\boot\spring-boot-devtools\3.4.1\spring-boot-devtools-3.4.1.jar;C:\Users\srinu\.m2\repository\org\springframework\boot\spring-boot\3.4.1\spring-boot-3.4.1.jar;C:\Users\srinu\.m2\repository\org\springframework\boot\spring-boot-autoconfigure\3.4.1\spring-boot-autoconfigure-3.4.1.jar;C:\Users\srinu\.m2\repository\com\mysql\mysql-connector-j\9.1.0\mysql-connector-j-9.1.0.jar;C:\Users\srinu\.m2\repository\jakarta\xml\bind\jakarta.xml.bind-api\4.0.2\jakarta.xml.bind-api-4.0.2.jar;C:\Users\srinu\.m2\repository\jakarta\activation\jakarta.activation-api\2.1.3\jakarta.activation-api-2.1.3.jar;C:\Users\srinu\.m2\repository\org\springframework\spring-core\6.2.1\spring-core-6.2.1.jar;C:\Users\srinu\.m2\repository\org\springframework\spring-jcl\6.2.1\spring-jcl-6.2.1.jar;C:\Users\srinu\.m2\repository\org\springframework\security\spring-security-core\6.4.2\spring-security-core-6.4.2.jar;C:\Users\srinu\.m2\repository\org\springframework\security\spring-security-crypto\6.4.2\spring-security-crypto-6.4.2.jar;C:\Users\srinu\.m2\repository\org\projectlombok\lombok\1.18.24\lombok-1.18.24.jar;C:\Users\srinu\.m2\repository\javax\servlet\javax.servlet-api\4.0.1\javax.servlet-api-4.0.1.jar;C:\Users\srinu\.m2\repository\io\jsonwebtoken\jjwt-api\0.11.5\jjwt-api-0.11.5.jar;C:\Users\srinu\.m2\repository\io\jsonwebtoken\jjwt-impl\0.11.5\jjwt-impl-0.11.5.jar;C:\Users\srinu\.m2\repository\io\jsonwebtoken\jjwt-jackson\0.11.5\jjwt-jackson-0.11.5.jar;C:\Users\srinu\.m2\repository\com\fasterxml\jackson\core\jackson-databind\2.18.2\jackson-databind-2.18.2.jar;C:\Users\srinu\.m2\repository\com\fasterxml\jackson\core\jackson-annotations\2.18.2\jackson-annotations-2.18.2.jar;C:\Users\srinu\.m2\repository\com\fasterxml\jackson\core\jackson-core\2.18.2\jackson-core-2.18.2.jar;C:\Users\srinu\.m2\repository\org\springframework\boot\spring-boot-starter\3.4.1\spring-boot-starter-3.4.1.jar;C:\Users\srinu\.m2\repository\org\springframework\boot\spring-boot-starter-logging\3.4.1\spring-boot-starter-logging-3.4.1.jar;C:\Users\srinu\.m2\repository\ch\qos\logback\logback-classic\1.5.12\logback-classic-1.5.12.jar;C:\Users\srinu\.m2\repository\ch\qos\logback\logback-core\1.5.12\logback-core-1.5.12.jar;C:\Users\srinu\.m2\repository\org\apache\logging\log4j\log4j-to-slf4j\2.24.3\log4j-to-slf4j-2.24.3.jar;C:\Users\srinu\.m2\repository\org\apache\logging\log4j\log4j-api\2.24.3\log4j-api-2.24.3.jar;C:\Users\srinu\.m2\repository\org\slf4j\jul-to-slf4j\2.0.16\jul-to-slf4j-2.0.16.jar;C:\Users\srinu\.m2\repository\jakarta\annotation\jakarta.annotation-api\2.1.1\jakarta.annotation-api-2.1.1.jar;C:\Users\srinu\.m2\repository\org\yaml\snakeyaml\2.3\snakeyaml-2.3.jar;C:\Users\srinu\.m2\repository\com\razorpay\razorpay-java\1.4.3\razorpay-java-1.4.3.jar;C:\Users\srinu\.m2\repository\org\json\json\20180130\json-20180130.jar;C:\Users\srinu\.m2\repository\com\squareup\okhttp3\okhttp\3.10.0\okhttp-3.10.0.jar;C:\Users\srinu\.m2\repository\com\squareup\okio\okio\1.14.0\okio-1.14.0.jar;C:\Users\srinu\.m2\repository\com\squareup\okhttp3\logging-interceptor\3.10.0\logging-interceptor-3.10.0.jar;C:\Users\srinu\.m2\repository\commons-codec\commons-codec\1.17.1\commons-codec-1.17.1.jar;C:\Users\srinu\.m2\repository\org\apache\commons\commons-text\1.3\commons-text-1.3.jar;C:\Users\srinu\.m2\repository\org\apache\commons\commons-lang3\3.17.0\commons-lang3-3.17.0.jar
Launcher Type: SUN_STANDARD

[Global flags]
     intx CICompilerCount                          = 4                                         {product} {ergonomic}
     uint ConcGCThreads                            = 2                                         {product} {ergonomic}
     uint G1ConcRefinementThreads                  = 8                                         {product} {ergonomic}
   size_t G1HeapRegionSize                         = 1048576                                   {product} {ergonomic}
   size_t InitialHeapSize                          = 100663296                                 {product} {ergonomic}
   size_t MarkStackSize                            = 4194304                                   {product} {ergonomic}
   size_t MarkStackSizeMax                         = 536870912                                 {product} {ergonomic}
   size_t MaxHeapSize                              = 1595932672                                {product} {ergonomic}
   size_t MaxNewSize                               = 957349888                                 {product} {ergonomic}
   size_t MinHeapDeltaBytes                        = 1048576                                   {product} {ergonomic}
   size_t MinHeapSize                              = 8388608                                   {product} {ergonomic}
    uintx NonNMethodCodeHeapSize                   = 5832704                                {pd product} {ergonomic}
    uintx NonProfiledCodeHeapSize                  = 122945536                              {pd product} {ergonomic}
    uintx ProfiledCodeHeapSize                     = 122880000                              {pd product} {ergonomic}
    uintx ReservedCodeCacheSize                    = 251658240                              {pd product} {ergonomic}
     bool SegmentedCodeCache                       = true                                      {product} {ergonomic}
     bool ShowCodeDetailsInExceptionMessages       = true                                   {manageable} {command line}
   size_t SoftMaxHeapSize                          = 1595932672                             {manageable} {ergonomic}
     bool UseCompressedOops                        = true                           {product lp64_product} {ergonomic}
     bool UseG1GC                                  = true                                      {product} {ergonomic}
     bool UseLargePagesIndividualAllocation        = false                                  {pd product} {ergonomic}

Logging:
Log output configuration:
 #0: stdout all=warning uptime,level,tags foldmultilines=false
 #1: stderr all=off uptime,level,tags foldmultilines=false

Environment Variables:
PATH=C:\Program Files\Common Files\Oracle\Java\javapath;C:\Python313\Scripts\;C:\Python313\;C:\Windows\system32;C:\Windows;C:\Windows\System32\Wbem;C:\Windows\System32\WindowsPowerShell\v1.0\;C:\Windows\System32\OpenSSH\;C:\Program Files (x86)\NVIDIA Corporation\PhysX\Common;C:\Program Files\NVIDIA Corporation\NVIDIA NvDLISR;C:\WINDOWS\system32;C:\WINDOWS;C:\WINDOWS\System32\Wbem;C:\WINDOWS\System32\WindowsPowerShell\v1.0\;C:\WINDOWS\System32\OpenSSH\;C:\Program Files\Git\cmd;C:\Program Files\MySQL\MySQL Server 8.0\bin;C:\Program Files\nodejs\;C:\ProgramData\chocolatey\bin;C:\Program Files\Java\jdk-23\bin;C:\Users\srinu\Downloads\apache-maven-3.9.9\bin;C:\Program Files\PuTTY\;C:\Program Files\MySQL\MySQL Shell 8.0\bin\;C:\Users\srinu\AppData\Local\Microsoft\WindowsApps;C:\Users\srinu\AppData\Local\Programs\Microsoft VS Code\bin;C:\Program Files\JetBrains\IntelliJ IDEA 2024.3.1.1\bin;;C:\Users\srinu\AppData\Roaming\npm;C:\Users\srinu\AppData\Local\Programs\Windsurf\bin
USERNAME=srinu
LANG=en_US.UTF-8
OS=Windows_NT
PROCESSOR_IDENTIFIER=AMD64 Family 23 Model 24 Stepping 1, AuthenticAMD
TMP=C:\Users\srinu\AppData\Local\Temp
TEMP=C:\Users\srinu\AppData\Local\Temp




Periodic native trim disabled

---------------  S Y S T E M  ---------------

OS:
 Windows 11 , 64 bit Build 26100 (10.0.26100.2702)
OS uptime: 0 days 16:58 hours

CPU: total 8 (initial active 8) (8 cores per cpu, 2 threads per core) family 23 model 24 stepping 1 microcode 0x8108109, cx8, cmov, fxsr, ht, mmx, 3dnowpref, sse, sse2, sse3, ssse3, sse4a, sse4.1, sse4.2, popcnt, lzcnt, tsc, tscinvbit, avx, avx2, aes, clmul, bmi1, bmi2, adx, sha, fma, vzeroupper, clflush, clflushopt, rdtscp, f16c
Processor Information for the first 8 processors :
  Max Mhz: 2100, Current Mhz: 2100, Mhz Limit: 2100

Memory: 4k page, system-wide physical 6081M (1000M free)
TotalPageFile size 24513M (AvailPageFile size 3M)
current process WorkingSet (physical memory assigned to process): 333M, peak: 449M
current process commit charge ("private bytes"): 470M, peak: 688M

vm_info: Java HotSpot(TM) 64-Bit Server VM (23.0.1+11-39) for windows-amd64 JRE (23.0.1+11-39), built on 2024-09-30T07:20:43Z with MS VC++ 17.6 (VS2022)

END.
